running egg_info
creating build/MorphoTactus/MorphoTactus.egg-info
writing build/MorphoTactus/MorphoTactus.egg-info/PKG-INFO
writing dependency_links to build/MorphoTactus/MorphoTactus.egg-info/dependency_links.txt
writing entry points to build/MorphoTactus/MorphoTactus.egg-info/entry_points.txt
writing requirements to build/MorphoTactus/MorphoTactus.egg-info/requires.txt
writing top-level names to build/MorphoTactus/MorphoTactus.egg-info/top_level.txt
writing manifest file 'build/MorphoTactus/MorphoTactus.egg-info/SOURCES.txt'
reading manifest file 'build/MorphoTactus/MorphoTactus.egg-info/SOURCES.txt'
writing manifest file 'build/MorphoTactus/MorphoTactus.egg-info/SOURCES.txt'
running build
running build_py
creating /home/dev/Golain_ws/src/MorphoTactus/build/MorphoTactus/build
creating /home/dev/Golain_ws/src/MorphoTactus/build/MorphoTactus/build/lib
creating /home/dev/Golain_ws/src/MorphoTactus/build/MorphoTactus/build/lib/MorphoTactus
copying MorphoTactus/preprocessing_node.py -> /home/dev/Golain_ws/src/MorphoTactus/build/MorphoTactus/build/lib/MorphoTactus
copying MorphoTactus/realtime_video_viewer.py -> /home/dev/Golain_ws/src/MorphoTactus/build/MorphoTactus/build/lib/MorphoTactus
copying MorphoTactus/simple_video_viewer.py -> /home/dev/Golain_ws/src/MorphoTactus/build/MorphoTactus/build/lib/MorphoTactus
copying MorphoTactus/__init__.py -> /home/dev/Golain_ws/src/MorphoTactus/build/MorphoTactus/build/lib/MorphoTactus
copying MorphoTactus/hybrid_detector_node.py -> /home/dev/Golain_ws/src/MorphoTactus/build/MorphoTactus/build/lib/MorphoTactus
copying MorphoTactus/video_viewer_node.py -> /home/dev/Golain_ws/src/MorphoTactus/build/MorphoTactus/build/lib/MorphoTactus
copying MorphoTactus/image_source_node.py -> /home/dev/Golain_ws/src/MorphoTactus/build/MorphoTactus/build/lib/MorphoTactus
creating /home/dev/Golain_ws/src/MorphoTactus/build/MorphoTactus/build/lib/MorphoTactus/utils
copying MorphoTactus/utils/sift_analyzer.py -> /home/dev/Golain_ws/src/MorphoTactus/build/MorphoTactus/build/lib/MorphoTactus/utils
copying MorphoTactus/utils/contour_analyzer.py -> /home/dev/Golain_ws/src/MorphoTactus/build/MorphoTactus/build/lib/MorphoTactus/utils
copying MorphoTactus/utils/__init__.py -> /home/dev/Golain_ws/src/MorphoTactus/build/MorphoTactus/build/lib/MorphoTactus/utils
copying MorphoTactus/utils/fusion_engine.py -> /home/dev/Golain_ws/src/MorphoTactus/build/MorphoTactus/build/lib/MorphoTactus/utils
running install
running install_lib
creating /home/dev/Golain_ws/src/MorphoTactus/install/MorphoTactus/lib/python3.10/site-packages/MorphoTactus
copying /home/dev/Golain_ws/src/MorphoTactus/build/MorphoTactus/build/lib/MorphoTactus/preprocessing_node.py -> /home/dev/Golain_ws/src/MorphoTactus/install/MorphoTactus/lib/python3.10/site-packages/MorphoTactus
copying /home/dev/Golain_ws/src/MorphoTactus/build/MorphoTactus/build/lib/MorphoTactus/realtime_video_viewer.py -> /home/dev/Golain_ws/src/MorphoTactus/install/MorphoTactus/lib/python3.10/site-packages/MorphoTactus
copying /home/dev/Golain_ws/src/MorphoTactus/build/MorphoTactus/build/lib/MorphoTactus/simple_video_viewer.py -> /home/dev/Golain_ws/src/MorphoTactus/install/MorphoTactus/lib/python3.10/site-packages/MorphoTactus
copying /home/dev/Golain_ws/src/MorphoTactus/build/MorphoTactus/build/lib/MorphoTactus/__init__.py -> /home/dev/Golain_ws/src/MorphoTactus/install/MorphoTactus/lib/python3.10/site-packages/MorphoTactus
copying /home/dev/Golain_ws/src/MorphoTactus/build/MorphoTactus/build/lib/MorphoTactus/hybrid_detector_node.py -> /home/dev/Golain_ws/src/MorphoTactus/install/MorphoTactus/lib/python3.10/site-packages/MorphoTactus
creating /home/dev/Golain_ws/src/MorphoTactus/install/MorphoTactus/lib/python3.10/site-packages/MorphoTactus/utils
copying /home/dev/Golain_ws/src/MorphoTactus/build/MorphoTactus/build/lib/MorphoTactus/utils/sift_analyzer.py -> /home/dev/Golain_ws/src/MorphoTactus/install/MorphoTactus/lib/python3.10/site-packages/MorphoTactus/utils
copying /home/dev/Golain_ws/src/MorphoTactus/build/MorphoTactus/build/lib/MorphoTactus/utils/contour_analyzer.py -> /home/dev/Golain_ws/src/MorphoTactus/install/MorphoTactus/lib/python3.10/site-packages/MorphoTactus/utils
copying /home/dev/Golain_ws/src/MorphoTactus/build/MorphoTactus/build/lib/MorphoTactus/utils/__init__.py -> /home/dev/Golain_ws/src/MorphoTactus/install/MorphoTactus/lib/python3.10/site-packages/MorphoTactus/utils
copying /home/dev/Golain_ws/src/MorphoTactus/build/MorphoTactus/build/lib/MorphoTactus/utils/fusion_engine.py -> /home/dev/Golain_ws/src/MorphoTactus/install/MorphoTactus/lib/python3.10/site-packages/MorphoTactus/utils
copying /home/dev/Golain_ws/src/MorphoTactus/build/MorphoTactus/build/lib/MorphoTactus/video_viewer_node.py -> /home/dev/Golain_ws/src/MorphoTactus/install/MorphoTactus/lib/python3.10/site-packages/MorphoTactus
copying /home/dev/Golain_ws/src/MorphoTactus/build/MorphoTactus/build/lib/MorphoTactus/image_source_node.py -> /home/dev/Golain_ws/src/MorphoTactus/install/MorphoTactus/lib/python3.10/site-packages/MorphoTactus
byte-compiling /home/dev/Golain_ws/src/MorphoTactus/install/MorphoTactus/lib/python3.10/site-packages/MorphoTactus/preprocessing_node.py to preprocessing_node.cpython-310.pyc
byte-compiling /home/dev/Golain_ws/src/MorphoTactus/install/MorphoTactus/lib/python3.10/site-packages/MorphoTactus/realtime_video_viewer.py to realtime_video_viewer.cpython-310.pyc
byte-compiling /home/dev/Golain_ws/src/MorphoTactus/install/MorphoTactus/lib/python3.10/site-packages/MorphoTactus/simple_video_viewer.py to simple_video_viewer.cpython-310.pyc
byte-compiling /home/dev/Golain_ws/src/MorphoTactus/install/MorphoTactus/lib/python3.10/site-packages/MorphoTactus/__init__.py to __init__.cpython-310.pyc
byte-compiling /home/dev/Golain_ws/src/MorphoTactus/install/MorphoTactus/lib/python3.10/site-packages/MorphoTactus/hybrid_detector_node.py to hybrid_detector_node.cpython-310.pyc
byte-compiling /home/dev/Golain_ws/src/MorphoTactus/install/MorphoTactus/lib/python3.10/site-packages/MorphoTactus/utils/sift_analyzer.py to sift_analyzer.cpython-310.pyc
byte-compiling /home/dev/Golain_ws/src/MorphoTactus/install/MorphoTactus/lib/python3.10/site-packages/MorphoTactus/utils/contour_analyzer.py to contour_analyzer.cpython-310.pyc
byte-compiling /home/dev/Golain_ws/src/MorphoTactus/install/MorphoTactus/lib/python3.10/site-packages/MorphoTactus/utils/__init__.py to __init__.cpython-310.pyc
byte-compiling /home/dev/Golain_ws/src/MorphoTactus/install/MorphoTactus/lib/python3.10/site-packages/MorphoTactus/utils/fusion_engine.py to fusion_engine.cpython-310.pyc
byte-compiling /home/dev/Golain_ws/src/MorphoTactus/install/MorphoTactus/lib/python3.10/site-packages/MorphoTactus/video_viewer_node.py to video_viewer_node.cpython-310.pyc
byte-compiling /home/dev/Golain_ws/src/MorphoTactus/install/MorphoTactus/lib/python3.10/site-packages/MorphoTactus/image_source_node.py to image_source_node.cpython-310.pyc
running install_data
creating /home/dev/Golain_ws/src/MorphoTactus/install/MorphoTactus/share/ament_index
creating /home/dev/Golain_ws/src/MorphoTactus/install/MorphoTactus/share/ament_index/resource_index
creating /home/dev/Golain_ws/src/MorphoTactus/install/MorphoTactus/share/ament_index/resource_index/packages
copying resource/MorphoTactus -> /home/dev/Golain_ws/src/MorphoTactus/install/MorphoTactus/share/ament_index/resource_index/packages
copying package.xml -> /home/dev/Golain_ws/src/MorphoTactus/install/MorphoTactus/share/MorphoTactus
creating /home/dev/Golain_ws/src/MorphoTactus/install/MorphoTactus/share/MorphoTactus/launch
copying launch/simple_defect_detection.launch.py -> /home/dev/Golain_ws/src/MorphoTactus/install/MorphoTactus/share/MorphoTactus/launch
copying launch/defect_detection_system.launch.py -> /home/dev/Golain_ws/src/MorphoTactus/install/MorphoTactus/share/MorphoTactus/launch
creating /home/dev/Golain_ws/src/MorphoTactus/install/MorphoTactus/share/MorphoTactus/config
copying config/detector_params.yaml -> /home/dev/Golain_ws/src/MorphoTactus/install/MorphoTactus/share/MorphoTactus/config
creating /home/dev/Golain_ws/src/MorphoTactus/install/MorphoTactus/share/MorphoTactus/msg
copying msg/DefectMetadata.msg -> /home/dev/Golain_ws/src/MorphoTactus/install/MorphoTactus/share/MorphoTactus/msg
copying msg/DefectInfo.msg -> /home/dev/Golain_ws/src/MorphoTactus/install/MorphoTactus/share/MorphoTactus/msg
running install_egg_info
Copying build/MorphoTactus/MorphoTactus.egg-info to /home/dev/Golain_ws/src/MorphoTactus/install/MorphoTactus/lib/python3.10/site-packages/MorphoTactus-0.0.0-py3.10.egg-info
running install_scripts
Installing hybrid_detector_node script to /home/dev/Golain_ws/src/MorphoTactus/install/MorphoTactus/lib/MorphoTactus
Installing image_source_node script to /home/dev/Golain_ws/src/MorphoTactus/install/MorphoTactus/lib/MorphoTactus
Installing preprocessing_node script to /home/dev/Golain_ws/src/MorphoTactus/install/MorphoTactus/lib/MorphoTactus
Installing realtime_video_viewer_node script to /home/dev/Golain_ws/src/MorphoTactus/install/MorphoTactus/lib/MorphoTactus
Installing simple_video_viewer_node script to /home/dev/Golain_ws/src/MorphoTactus/install/MorphoTactus/lib/MorphoTactus
Installing video_viewer_node script to /home/dev/Golain_ws/src/MorphoTactus/install/MorphoTactus/lib/MorphoTactus
writing list of installed files to '/home/dev/Golain_ws/src/MorphoTactus/build/MorphoTactus/install.log'
