[0.737s] Invoking command in '/home/dev/Golain_ws/src/MorphoTactus': PYTHONPATH=/home/dev/Golain_ws/src/MorphoTactus/build/MorphoTactus/prefix_override:/usr/lib/python3/dist-packages/colcon_core/task/python/colcon_distutils_commands:/home/dev/Golain_ws/src/MorphoTactus/install/MorphoTactus/lib/python3.10/site-packages:${PYTHONPATH} /usr/bin/python3 -W ignore:setup.py install is deprecated -W ignore:easy_install command is deprecated setup.py egg_info --egg-base build/MorphoTactus build --build-base /home/dev/Golain_ws/src/MorphoTactus/build/MorphoTactus/build install --record /home/dev/Golain_ws/src/MorphoTactus/build/MorphoTactus/install.log --single-version-externally-managed install_data
[0.983s] running egg_info
[0.983s] creating build/MorphoTactus/MorphoTactus.egg-info
[0.984s] writing build/MorphoTactus/MorphoTactus.egg-info/PKG-INFO
[0.984s] writing dependency_links to build/MorphoTactus/MorphoTactus.egg-info/dependency_links.txt
[0.984s] writing entry points to build/MorphoTactus/MorphoTactus.egg-info/entry_points.txt
[0.984s] writing requirements to build/MorphoTactus/MorphoTactus.egg-info/requires.txt
[0.985s] writing top-level names to build/MorphoTactus/MorphoTactus.egg-info/top_level.txt
[0.986s] writing manifest file 'build/MorphoTactus/MorphoTactus.egg-info/SOURCES.txt'
[0.988s] reading manifest file 'build/MorphoTactus/MorphoTactus.egg-info/SOURCES.txt'
[0.989s] writing manifest file 'build/MorphoTactus/MorphoTactus.egg-info/SOURCES.txt'
[0.989s] running build
[0.989s] running build_py
[0.989s] creating /home/dev/Golain_ws/src/MorphoTactus/build/MorphoTactus/build
[0.989s] creating /home/dev/Golain_ws/src/MorphoTactus/build/MorphoTactus/build/lib
[0.990s] creating /home/dev/Golain_ws/src/MorphoTactus/build/MorphoTactus/build/lib/MorphoTactus
[0.990s] copying MorphoTactus/preprocessing_node.py -> /home/dev/Golain_ws/src/MorphoTactus/build/MorphoTactus/build/lib/MorphoTactus
[0.990s] copying MorphoTactus/realtime_video_viewer.py -> /home/dev/Golain_ws/src/MorphoTactus/build/MorphoTactus/build/lib/MorphoTactus
[0.990s] copying MorphoTactus/simple_video_viewer.py -> /home/dev/Golain_ws/src/MorphoTactus/build/MorphoTactus/build/lib/MorphoTactus
[0.990s] copying MorphoTactus/__init__.py -> /home/dev/Golain_ws/src/MorphoTactus/build/MorphoTactus/build/lib/MorphoTactus
[0.990s] copying MorphoTactus/hybrid_detector_node.py -> /home/dev/Golain_ws/src/MorphoTactus/build/MorphoTactus/build/lib/MorphoTactus
[0.991s] copying MorphoTactus/video_viewer_node.py -> /home/dev/Golain_ws/src/MorphoTactus/build/MorphoTactus/build/lib/MorphoTactus
[0.991s] copying MorphoTactus/image_source_node.py -> /home/dev/Golain_ws/src/MorphoTactus/build/MorphoTactus/build/lib/MorphoTactus
[0.991s] creating /home/dev/Golain_ws/src/MorphoTactus/build/MorphoTactus/build/lib/MorphoTactus/utils
[0.991s] copying MorphoTactus/utils/sift_analyzer.py -> /home/dev/Golain_ws/src/MorphoTactus/build/MorphoTactus/build/lib/MorphoTactus/utils
[0.991s] copying MorphoTactus/utils/contour_analyzer.py -> /home/dev/Golain_ws/src/MorphoTactus/build/MorphoTactus/build/lib/MorphoTactus/utils
[0.991s] copying MorphoTactus/utils/__init__.py -> /home/dev/Golain_ws/src/MorphoTactus/build/MorphoTactus/build/lib/MorphoTactus/utils
[0.992s] copying MorphoTactus/utils/fusion_engine.py -> /home/dev/Golain_ws/src/MorphoTactus/build/MorphoTactus/build/lib/MorphoTactus/utils
[0.992s] running install
[0.992s] running install_lib
[0.992s] creating /home/dev/Golain_ws/src/MorphoTactus/install/MorphoTactus/lib/python3.10/site-packages/MorphoTactus
[0.992s] copying /home/dev/Golain_ws/src/MorphoTactus/build/MorphoTactus/build/lib/MorphoTactus/preprocessing_node.py -> /home/dev/Golain_ws/src/MorphoTactus/install/MorphoTactus/lib/python3.10/site-packages/MorphoTactus
[0.992s] copying /home/dev/Golain_ws/src/MorphoTactus/build/MorphoTactus/build/lib/MorphoTactus/realtime_video_viewer.py -> /home/dev/Golain_ws/src/MorphoTactus/install/MorphoTactus/lib/python3.10/site-packages/MorphoTactus
[0.993s] copying /home/dev/Golain_ws/src/MorphoTactus/build/MorphoTactus/build/lib/MorphoTactus/simple_video_viewer.py -> /home/dev/Golain_ws/src/MorphoTactus/install/MorphoTactus/lib/python3.10/site-packages/MorphoTactus
[0.993s] copying /home/dev/Golain_ws/src/MorphoTactus/build/MorphoTactus/build/lib/MorphoTactus/__init__.py -> /home/dev/Golain_ws/src/MorphoTactus/install/MorphoTactus/lib/python3.10/site-packages/MorphoTactus
[0.993s] copying /home/dev/Golain_ws/src/MorphoTactus/build/MorphoTactus/build/lib/MorphoTactus/hybrid_detector_node.py -> /home/dev/Golain_ws/src/MorphoTactus/install/MorphoTactus/lib/python3.10/site-packages/MorphoTactus
[0.993s] creating /home/dev/Golain_ws/src/MorphoTactus/install/MorphoTactus/lib/python3.10/site-packages/MorphoTactus/utils
[0.993s] copying /home/dev/Golain_ws/src/MorphoTactus/build/MorphoTactus/build/lib/MorphoTactus/utils/sift_analyzer.py -> /home/dev/Golain_ws/src/MorphoTactus/install/MorphoTactus/lib/python3.10/site-packages/MorphoTactus/utils
[0.993s] copying /home/dev/Golain_ws/src/MorphoTactus/build/MorphoTactus/build/lib/MorphoTactus/utils/contour_analyzer.py -> /home/dev/Golain_ws/src/MorphoTactus/install/MorphoTactus/lib/python3.10/site-packages/MorphoTactus/utils
[0.993s] copying /home/dev/Golain_ws/src/MorphoTactus/build/MorphoTactus/build/lib/MorphoTactus/utils/__init__.py -> /home/dev/Golain_ws/src/MorphoTactus/install/MorphoTactus/lib/python3.10/site-packages/MorphoTactus/utils
[0.994s] copying /home/dev/Golain_ws/src/MorphoTactus/build/MorphoTactus/build/lib/MorphoTactus/utils/fusion_engine.py -> /home/dev/Golain_ws/src/MorphoTactus/install/MorphoTactus/lib/python3.10/site-packages/MorphoTactus/utils
[0.994s] copying /home/dev/Golain_ws/src/MorphoTactus/build/MorphoTactus/build/lib/MorphoTactus/video_viewer_node.py -> /home/dev/Golain_ws/src/MorphoTactus/install/MorphoTactus/lib/python3.10/site-packages/MorphoTactus
[0.994s] copying /home/dev/Golain_ws/src/MorphoTactus/build/MorphoTactus/build/lib/MorphoTactus/image_source_node.py -> /home/dev/Golain_ws/src/MorphoTactus/install/MorphoTactus/lib/python3.10/site-packages/MorphoTactus
[0.994s] byte-compiling /home/dev/Golain_ws/src/MorphoTactus/install/MorphoTactus/lib/python3.10/site-packages/MorphoTactus/preprocessing_node.py to preprocessing_node.cpython-310.pyc
[0.996s] byte-compiling /home/dev/Golain_ws/src/MorphoTactus/install/MorphoTactus/lib/python3.10/site-packages/MorphoTactus/realtime_video_viewer.py to realtime_video_viewer.cpython-310.pyc
[0.998s] byte-compiling /home/dev/Golain_ws/src/MorphoTactus/install/MorphoTactus/lib/python3.10/site-packages/MorphoTactus/simple_video_viewer.py to simple_video_viewer.cpython-310.pyc
[0.999s] byte-compiling /home/dev/Golain_ws/src/MorphoTactus/install/MorphoTactus/lib/python3.10/site-packages/MorphoTactus/__init__.py to __init__.cpython-310.pyc
[0.999s] byte-compiling /home/dev/Golain_ws/src/MorphoTactus/install/MorphoTactus/lib/python3.10/site-packages/MorphoTactus/hybrid_detector_node.py to hybrid_detector_node.cpython-310.pyc
[1.001s] byte-compiling /home/dev/Golain_ws/src/MorphoTactus/install/MorphoTactus/lib/python3.10/site-packages/MorphoTactus/utils/sift_analyzer.py to sift_analyzer.cpython-310.pyc
[1.002s] byte-compiling /home/dev/Golain_ws/src/MorphoTactus/install/MorphoTactus/lib/python3.10/site-packages/MorphoTactus/utils/contour_analyzer.py to contour_analyzer.cpython-310.pyc
[1.003s] byte-compiling /home/dev/Golain_ws/src/MorphoTactus/install/MorphoTactus/lib/python3.10/site-packages/MorphoTactus/utils/__init__.py to __init__.cpython-310.pyc
[1.004s] byte-compiling /home/dev/Golain_ws/src/MorphoTactus/install/MorphoTactus/lib/python3.10/site-packages/MorphoTactus/utils/fusion_engine.py to fusion_engine.cpython-310.pyc
[1.005s] byte-compiling /home/dev/Golain_ws/src/MorphoTactus/install/MorphoTactus/lib/python3.10/site-packages/MorphoTactus/video_viewer_node.py to video_viewer_node.cpython-310.pyc
[1.006s] byte-compiling /home/dev/Golain_ws/src/MorphoTactus/install/MorphoTactus/lib/python3.10/site-packages/MorphoTactus/image_source_node.py to image_source_node.cpython-310.pyc
[1.007s] running install_data
[1.007s] creating /home/dev/Golain_ws/src/MorphoTactus/install/MorphoTactus/share/ament_index
[1.007s] creating /home/dev/Golain_ws/src/MorphoTactus/install/MorphoTactus/share/ament_index/resource_index
[1.007s] creating /home/dev/Golain_ws/src/MorphoTactus/install/MorphoTactus/share/ament_index/resource_index/packages
[1.008s] copying resource/MorphoTactus -> /home/dev/Golain_ws/src/MorphoTactus/install/MorphoTactus/share/ament_index/resource_index/packages
[1.008s] copying package.xml -> /home/dev/Golain_ws/src/MorphoTactus/install/MorphoTactus/share/MorphoTactus
[1.008s] creating /home/dev/Golain_ws/src/MorphoTactus/install/MorphoTactus/share/MorphoTactus/launch
[1.008s] copying launch/simple_defect_detection.launch.py -> /home/dev/Golain_ws/src/MorphoTactus/install/MorphoTactus/share/MorphoTactus/launch
[1.008s] copying launch/defect_detection_system.launch.py -> /home/dev/Golain_ws/src/MorphoTactus/install/MorphoTactus/share/MorphoTactus/launch
[1.009s] creating /home/dev/Golain_ws/src/MorphoTactus/install/MorphoTactus/share/MorphoTactus/config
[1.009s] copying config/detector_params.yaml -> /home/dev/Golain_ws/src/MorphoTactus/install/MorphoTactus/share/MorphoTactus/config
[1.009s] creating /home/dev/Golain_ws/src/MorphoTactus/install/MorphoTactus/share/MorphoTactus/msg
[1.009s] copying msg/DefectMetadata.msg -> /home/dev/Golain_ws/src/MorphoTactus/install/MorphoTactus/share/MorphoTactus/msg
[1.009s] copying msg/DefectInfo.msg -> /home/dev/Golain_ws/src/MorphoTactus/install/MorphoTactus/share/MorphoTactus/msg
[1.010s] running install_egg_info
[1.010s] Copying build/MorphoTactus/MorphoTactus.egg-info to /home/dev/Golain_ws/src/MorphoTactus/install/MorphoTactus/lib/python3.10/site-packages/MorphoTactus-0.0.0-py3.10.egg-info
[1.010s] running install_scripts
[1.028s] Installing hybrid_detector_node script to /home/dev/Golain_ws/src/MorphoTactus/install/MorphoTactus/lib/MorphoTactus
[1.028s] Installing image_source_node script to /home/dev/Golain_ws/src/MorphoTactus/install/MorphoTactus/lib/MorphoTactus
[1.028s] Installing preprocessing_node script to /home/dev/Golain_ws/src/MorphoTactus/install/MorphoTactus/lib/MorphoTactus
[1.029s] Installing realtime_video_viewer_node script to /home/dev/Golain_ws/src/MorphoTactus/install/MorphoTactus/lib/MorphoTactus
[1.029s] Installing simple_video_viewer_node script to /home/dev/Golain_ws/src/MorphoTactus/install/MorphoTactus/lib/MorphoTactus
[1.029s] Installing video_viewer_node script to /home/dev/Golain_ws/src/MorphoTactus/install/MorphoTactus/lib/MorphoTactus
[1.029s] writing list of installed files to '/home/dev/Golain_ws/src/MorphoTactus/build/MorphoTactus/install.log'
[1.059s] Invoked command in '/home/dev/Golain_ws/src/MorphoTactus' returned '0': PYTHONPATH=/home/dev/Golain_ws/src/MorphoTactus/build/MorphoTactus/prefix_override:/usr/lib/python3/dist-packages/colcon_core/task/python/colcon_distutils_commands:/home/dev/Golain_ws/src/MorphoTactus/install/MorphoTactus/lib/python3.10/site-packages:${PYTHONPATH} /usr/bin/python3 -W ignore:setup.py install is deprecated -W ignore:easy_install command is deprecated setup.py egg_info --egg-base build/MorphoTactus build --build-base /home/dev/Golain_ws/src/MorphoTactus/build/MorphoTactus/build install --record /home/dev/Golain_ws/src/MorphoTactus/build/MorphoTactus/install.log --single-version-externally-managed install_data
