/home/quoppo/Oak-D-Lite/MorphoTactus/install/MorphoTactus/lib/python3.10/site-packages/MorphoTactus/simple_video_viewer.py
/home/quoppo/Oak-D-Lite/MorphoTactus/install/MorphoTactus/lib/python3.10/site-packages/MorphoTactus/video_viewer_node.py
/home/quoppo/Oak-D-Lite/MorphoTactus/install/MorphoTactus/lib/python3.10/site-packages/MorphoTactus/image_source_node.py
/home/quoppo/Oak-D-Lite/MorphoTactus/install/MorphoTactus/lib/python3.10/site-packages/MorphoTactus/realtime_video_viewer.py
/home/quoppo/Oak-D-Lite/MorphoTactus/install/MorphoTactus/lib/python3.10/site-packages/MorphoTactus/preprocessing_node.py
/home/quoppo/Oak-D-Lite/MorphoTactus/install/MorphoTactus/lib/python3.10/site-packages/MorphoTactus/__init__.py
/home/quoppo/Oak-D-Lite/MorphoTactus/install/MorphoTactus/lib/python3.10/site-packages/MorphoTactus/hybrid_detector_node.py
/home/quoppo/Oak-D-Lite/MorphoTactus/install/MorphoTactus/lib/python3.10/site-packages/MorphoTactus/utils/sift_analyzer.py
/home/quoppo/Oak-D-Lite/MorphoTactus/install/MorphoTactus/lib/python3.10/site-packages/MorphoTactus/utils/fusion_engine.py
/home/quoppo/Oak-D-Lite/MorphoTactus/install/MorphoTactus/lib/python3.10/site-packages/MorphoTactus/utils/contour_analyzer.py
/home/quoppo/Oak-D-Lite/MorphoTactus/install/MorphoTactus/lib/python3.10/site-packages/MorphoTactus/utils/__init__.py
/home/quoppo/Oak-D-Lite/MorphoTactus/install/MorphoTactus/lib/python3.10/site-packages/MorphoTactus/__pycache__/simple_video_viewer.cpython-310.pyc
/home/quoppo/Oak-D-Lite/MorphoTactus/install/MorphoTactus/lib/python3.10/site-packages/MorphoTactus/__pycache__/video_viewer_node.cpython-310.pyc
/home/quoppo/Oak-D-Lite/MorphoTactus/install/MorphoTactus/lib/python3.10/site-packages/MorphoTactus/__pycache__/image_source_node.cpython-310.pyc
/home/quoppo/Oak-D-Lite/MorphoTactus/install/MorphoTactus/lib/python3.10/site-packages/MorphoTactus/__pycache__/realtime_video_viewer.cpython-310.pyc
/home/quoppo/Oak-D-Lite/MorphoTactus/install/MorphoTactus/lib/python3.10/site-packages/MorphoTactus/__pycache__/preprocessing_node.cpython-310.pyc
/home/quoppo/Oak-D-Lite/MorphoTactus/install/MorphoTactus/lib/python3.10/site-packages/MorphoTactus/__pycache__/__init__.cpython-310.pyc
/home/quoppo/Oak-D-Lite/MorphoTactus/install/MorphoTactus/lib/python3.10/site-packages/MorphoTactus/__pycache__/hybrid_detector_node.cpython-310.pyc
/home/quoppo/Oak-D-Lite/MorphoTactus/install/MorphoTactus/lib/python3.10/site-packages/MorphoTactus/utils/__pycache__/sift_analyzer.cpython-310.pyc
/home/quoppo/Oak-D-Lite/MorphoTactus/install/MorphoTactus/lib/python3.10/site-packages/MorphoTactus/utils/__pycache__/fusion_engine.cpython-310.pyc
/home/quoppo/Oak-D-Lite/MorphoTactus/install/MorphoTactus/lib/python3.10/site-packages/MorphoTactus/utils/__pycache__/contour_analyzer.cpython-310.pyc
/home/quoppo/Oak-D-Lite/MorphoTactus/install/MorphoTactus/lib/python3.10/site-packages/MorphoTactus/utils/__pycache__/__init__.cpython-310.pyc
/home/quoppo/Oak-D-Lite/MorphoTactus/install/MorphoTactus/share/ament_index/resource_index/packages/MorphoTactus
/home/quoppo/Oak-D-Lite/MorphoTactus/install/MorphoTactus/share/MorphoTactus/package.xml
/home/quoppo/Oak-D-Lite/MorphoTactus/install/MorphoTactus/share/MorphoTactus/launch/defect_detection_system.launch.py
/home/quoppo/Oak-D-Lite/MorphoTactus/install/MorphoTactus/share/MorphoTactus/launch/simple_defect_detection.launch.py
/home/quoppo/Oak-D-Lite/MorphoTactus/install/MorphoTactus/share/MorphoTactus/config/detector_params.yaml
/home/quoppo/Oak-D-Lite/MorphoTactus/install/MorphoTactus/share/MorphoTactus/msg/DefectInfo.msg
/home/quoppo/Oak-D-Lite/MorphoTactus/install/MorphoTactus/share/MorphoTactus/msg/DefectMetadata.msg
/home/quoppo/Oak-D-Lite/MorphoTactus/install/MorphoTactus/lib/python3.10/site-packages/MorphoTactus-0.0.0-py3.10.egg-info/dependency_links.txt
/home/quoppo/Oak-D-Lite/MorphoTactus/install/MorphoTactus/lib/python3.10/site-packages/MorphoTactus-0.0.0-py3.10.egg-info/top_level.txt
/home/quoppo/Oak-D-Lite/MorphoTactus/install/MorphoTactus/lib/python3.10/site-packages/MorphoTactus-0.0.0-py3.10.egg-info/zip-safe
/home/quoppo/Oak-D-Lite/MorphoTactus/install/MorphoTactus/lib/python3.10/site-packages/MorphoTactus-0.0.0-py3.10.egg-info/requires.txt
/home/quoppo/Oak-D-Lite/MorphoTactus/install/MorphoTactus/lib/python3.10/site-packages/MorphoTactus-0.0.0-py3.10.egg-info/PKG-INFO
/home/quoppo/Oak-D-Lite/MorphoTactus/install/MorphoTactus/lib/python3.10/site-packages/MorphoTactus-0.0.0-py3.10.egg-info/entry_points.txt
/home/quoppo/Oak-D-Lite/MorphoTactus/install/MorphoTactus/lib/python3.10/site-packages/MorphoTactus-0.0.0-py3.10.egg-info/SOURCES.txt
/home/quoppo/Oak-D-Lite/MorphoTactus/install/MorphoTactus/lib/MorphoTactus/hybrid_detector_node
/home/quoppo/Oak-D-Lite/MorphoTactus/install/MorphoTactus/lib/MorphoTactus/image_source_node
/home/quoppo/Oak-D-Lite/MorphoTactus/install/MorphoTactus/lib/MorphoTactus/preprocessing_node
/home/quoppo/Oak-D-Lite/MorphoTactus/install/MorphoTactus/lib/MorphoTactus/realtime_video_viewer_node
/home/quoppo/Oak-D-Lite/MorphoTactus/install/MorphoTactus/lib/MorphoTactus/simple_video_viewer_node
/home/quoppo/Oak-D-Lite/MorphoTactus/install/MorphoTactus/lib/MorphoTactus/video_viewer_node
