[0.139s] DEBUG:colcon:Command line arguments: ['/usr/bin/colcon', 'build']
[0.139s] DEBUG:colcon:Parsed command line arguments: Namespace(log_base=None, log_level=None, verb_name='build', build_base='build', install_base='install', merge_install=False, symlink_install=False, test_result_base=None, continue_on_error=False, executor='parallel', parallel_workers=12, event_handlers=None, ignore_user_meta=False, metas=['./colcon.meta'], base_paths=['.'], packages_ignore=None, packages_ignore_regex=None, paths=None, packages_up_to=None, packages_up_to_regex=None, packages_above=None, packages_above_and_dependencies=None, packages_above_depth=None, packages_select_by_dep=None, packages_skip_by_dep=None, packages_skip_up_to=None, packages_select_build_failed=False, packages_skip_build_finished=False, packages_select_test_failures=False, packages_skip_test_passed=False, packages_select=None, packages_skip=None, packages_select_regex=None, packages_skip_regex=None, packages_start=None, packages_end=None, allow_overriding=[], cmake_args=None, cmake_target=None, cmake_target_skip_unavailable=False, cmake_clean_cache=False, cmake_clean_first=False, cmake_force_configure=False, ament_cmake_args=None, catkin_cmake_args=None, catkin_skip_building_tests=False, verb_parser=<colcon_defaults.argument_parser.defaults.DefaultArgumentsDecorator object at 0x70e8601fb100>, verb_extension=<colcon_core.verb.build.BuildVerb object at 0x70e8603c0fa0>, main=<bound method BuildVerb.main of <colcon_core.verb.build.BuildVerb object at 0x70e8603c0fa0>>)
[0.371s] Level 1:colcon.colcon_core.package_discovery:discover_packages(colcon_meta) check parameters
[0.371s] Level 1:colcon.colcon_core.package_discovery:discover_packages(recursive) check parameters
[0.371s] Level 1:colcon.colcon_core.package_discovery:discover_packages(ignore) check parameters
[0.371s] Level 1:colcon.colcon_core.package_discovery:discover_packages(path) check parameters
[0.371s] Level 1:colcon.colcon_core.package_discovery:discover_packages(colcon_meta) discover
[0.371s] Level 1:colcon.colcon_core.package_discovery:discover_packages(recursive) discover
[0.371s] INFO:colcon.colcon_core.package_discovery:Crawling recursively for packages in '/home/dev/Golain_ws/src/MorphoTactus'
[0.371s] Level 1:colcon.colcon_core.package_identification:_identify(.) by extensions ['ignore', 'ignore_ament_install']
[0.371s] Level 1:colcon.colcon_core.package_identification:_identify(.) by extension 'ignore'
[0.371s] Level 1:colcon.colcon_core.package_identification:_identify(.) by extension 'ignore_ament_install'
[0.371s] Level 1:colcon.colcon_core.package_identification:_identify(.) by extensions ['colcon_pkg']
[0.371s] Level 1:colcon.colcon_core.package_identification:_identify(.) by extension 'colcon_pkg'
[0.371s] Level 1:colcon.colcon_core.package_identification:_identify(.) by extensions ['colcon_meta']
[0.371s] Level 1:colcon.colcon_core.package_identification:_identify(.) by extension 'colcon_meta'
[0.372s] Level 1:colcon.colcon_core.package_identification:_identify(.) by extensions ['ros']
[0.372s] Level 1:colcon.colcon_core.package_identification:_identify(.) by extension 'ros'
[0.386s] DEBUG:colcon.colcon_core.package_identification:Package '.' with type 'ros.ament_python' and name 'MorphoTactus'
[0.387s] Level 1:colcon.colcon_core.package_discovery:discover_packages(recursive) using defaults
[0.387s] Level 1:colcon.colcon_core.package_discovery:discover_packages(ignore) discover
[0.387s] Level 1:colcon.colcon_core.package_discovery:discover_packages(ignore) using defaults
[0.387s] Level 1:colcon.colcon_core.package_discovery:discover_packages(path) discover
[0.387s] Level 1:colcon.colcon_core.package_discovery:discover_packages(path) using defaults
[0.420s] Level 1:colcon.colcon_core.package_discovery:discover_packages(prefix_path) check parameters
[0.420s] Level 1:colcon.colcon_core.package_discovery:discover_packages(prefix_path) discover
[0.422s] WARNING:colcon.colcon_ros.prefix_path.ament:The path '/home/dev/Golain_ws/src/MorphoTactus/install/MorphoTactus' in the environment variable AMENT_PREFIX_PATH doesn't exist
[0.423s] DEBUG:colcon.colcon_installed_package_information.package_discovery:Found 0 installed packages in /home/dev/Golain_ws/src/MorphoTactus/install
[0.423s] DEBUG:colcon.colcon_installed_package_information.package_discovery:Found 1 installed packages in /home/dev/Golain_ws/src/Kikobot_platform/ros2-v4l2-bridge/install
[0.425s] DEBUG:colcon.colcon_installed_package_information.package_discovery:Found 4 installed packages in /home/dev/Kikobot_moveit/install
[0.426s] DEBUG:colcon.colcon_installed_package_information.package_discovery:Found 420 installed packages in /opt/ros/humble
[0.428s] Level 1:colcon.colcon_core.package_discovery:discover_packages(prefix_path) using defaults
[0.471s] Level 5:colcon.colcon_core.verb:set package 'MorphoTactus' build argument 'cmake_args' from command line to 'None'
[0.472s] Level 5:colcon.colcon_core.verb:set package 'MorphoTactus' build argument 'cmake_target' from command line to 'None'
[0.472s] Level 5:colcon.colcon_core.verb:set package 'MorphoTactus' build argument 'cmake_target_skip_unavailable' from command line to 'False'
[0.472s] Level 5:colcon.colcon_core.verb:set package 'MorphoTactus' build argument 'cmake_clean_cache' from command line to 'False'
[0.472s] Level 5:colcon.colcon_core.verb:set package 'MorphoTactus' build argument 'cmake_clean_first' from command line to 'False'
[0.472s] Level 5:colcon.colcon_core.verb:set package 'MorphoTactus' build argument 'cmake_force_configure' from command line to 'False'
[0.472s] Level 5:colcon.colcon_core.verb:set package 'MorphoTactus' build argument 'ament_cmake_args' from command line to 'None'
[0.472s] Level 5:colcon.colcon_core.verb:set package 'MorphoTactus' build argument 'catkin_cmake_args' from command line to 'None'
[0.472s] Level 5:colcon.colcon_core.verb:set package 'MorphoTactus' build argument 'catkin_skip_building_tests' from command line to 'False'
[0.472s] DEBUG:colcon.colcon_core.verb:Building package 'MorphoTactus' with the following arguments: {'ament_cmake_args': None, 'build_base': '/home/dev/Golain_ws/src/MorphoTactus/build/MorphoTactus', 'catkin_cmake_args': None, 'catkin_skip_building_tests': False, 'cmake_args': None, 'cmake_clean_cache': False, 'cmake_clean_first': False, 'cmake_force_configure': False, 'cmake_target': None, 'cmake_target_skip_unavailable': False, 'install_base': '/home/dev/Golain_ws/src/MorphoTactus/install/MorphoTactus', 'merge_install': False, 'path': '/home/dev/Golain_ws/src/MorphoTactus', 'symlink_install': False, 'test_result_base': None}
[0.472s] INFO:colcon.colcon_core.executor:Executing jobs using 'parallel' executor
[0.473s] DEBUG:colcon.colcon_parallel_executor.executor.parallel:run_until_complete
[0.473s] INFO:colcon.colcon_ros.task.ament_python.build:Building ROS package in '/home/dev/Golain_ws/src/MorphoTactus' with build type 'ament_python'
[0.473s] Level 1:colcon.colcon_core.shell:create_environment_hook('MorphoTactus', 'ament_prefix_path')
[0.477s] INFO:colcon.colcon_core.plugin_system:Skipping extension 'colcon_core.shell.bat': Not used on non-Windows systems
[0.477s] INFO:colcon.colcon_core.shell:Creating environment hook '/home/dev/Golain_ws/src/MorphoTactus/install/MorphoTactus/share/MorphoTactus/hook/ament_prefix_path.ps1'
[0.478s] INFO:colcon.colcon_core.shell:Creating environment descriptor '/home/dev/Golain_ws/src/MorphoTactus/install/MorphoTactus/share/MorphoTactus/hook/ament_prefix_path.dsv'
[0.478s] INFO:colcon.colcon_core.shell:Creating environment hook '/home/dev/Golain_ws/src/MorphoTactus/install/MorphoTactus/share/MorphoTactus/hook/ament_prefix_path.sh'
[0.479s] INFO:colcon.colcon_core.shell:Skip shell extension 'powershell' for command environment: Not usable outside of PowerShell
[0.479s] DEBUG:colcon.colcon_core.shell:Skip shell extension 'dsv' for command environment
[0.748s] INFO:colcon.colcon_core.task.python.build:Building Python package in '/home/dev/Golain_ws/src/MorphoTactus'
[0.748s] INFO:colcon.colcon_core.shell:Skip shell extension 'powershell' for command environment: Not usable outside of PowerShell
[0.748s] DEBUG:colcon.colcon_core.shell:Skip shell extension 'dsv' for command environment
[1.210s] DEBUG:colcon.colcon_core.event_handler.log_command:Invoking command in '/home/dev/Golain_ws/src/MorphoTactus': PYTHONPATH=/home/dev/Golain_ws/src/MorphoTactus/build/MorphoTactus/prefix_override:/usr/lib/python3/dist-packages/colcon_core/task/python/colcon_distutils_commands:/home/dev/Golain_ws/src/MorphoTactus/install/MorphoTactus/lib/python3.10/site-packages:${PYTHONPATH} /usr/bin/python3 -W ignore:setup.py install is deprecated -W ignore:easy_install command is deprecated setup.py egg_info --egg-base build/MorphoTactus build --build-base /home/dev/Golain_ws/src/MorphoTactus/build/MorphoTactus/build install --record /home/dev/Golain_ws/src/MorphoTactus/build/MorphoTactus/install.log --single-version-externally-managed install_data
[1.533s] DEBUG:colcon.colcon_core.event_handler.log_command:Invoked command in '/home/dev/Golain_ws/src/MorphoTactus' returned '0': PYTHONPATH=/home/dev/Golain_ws/src/MorphoTactus/build/MorphoTactus/prefix_override:/usr/lib/python3/dist-packages/colcon_core/task/python/colcon_distutils_commands:/home/dev/Golain_ws/src/MorphoTactus/install/MorphoTactus/lib/python3.10/site-packages:${PYTHONPATH} /usr/bin/python3 -W ignore:setup.py install is deprecated -W ignore:easy_install command is deprecated setup.py egg_info --egg-base build/MorphoTactus build --build-base /home/dev/Golain_ws/src/MorphoTactus/build/MorphoTactus/build install --record /home/dev/Golain_ws/src/MorphoTactus/build/MorphoTactus/install.log --single-version-externally-managed install_data
[1.539s] Level 1:colcon.colcon_core.environment:checking '/home/dev/Golain_ws/src/MorphoTactus/install/MorphoTactus' for CMake module files
[1.539s] Level 1:colcon.colcon_core.environment:checking '/home/dev/Golain_ws/src/MorphoTactus/install/MorphoTactus' for CMake config files
[1.540s] Level 1:colcon.colcon_core.environment:checking '/home/dev/Golain_ws/src/MorphoTactus/install/MorphoTactus/lib'
[1.540s] Level 1:colcon.colcon_core.environment:checking '/home/dev/Golain_ws/src/MorphoTactus/install/MorphoTactus/bin'
[1.540s] Level 1:colcon.colcon_core.environment:checking '/home/dev/Golain_ws/src/MorphoTactus/install/MorphoTactus/lib/pkgconfig/MorphoTactus.pc'
[1.540s] Level 1:colcon.colcon_core.environment:checking '/home/dev/Golain_ws/src/MorphoTactus/install/MorphoTactus/lib/python3.10/site-packages'
[1.540s] Level 1:colcon.colcon_core.shell:create_environment_hook('MorphoTactus', 'pythonpath')
[1.540s] INFO:colcon.colcon_core.shell:Creating environment hook '/home/dev/Golain_ws/src/MorphoTactus/install/MorphoTactus/share/MorphoTactus/hook/pythonpath.ps1'
[1.541s] INFO:colcon.colcon_core.shell:Creating environment descriptor '/home/dev/Golain_ws/src/MorphoTactus/install/MorphoTactus/share/MorphoTactus/hook/pythonpath.dsv'
[1.541s] INFO:colcon.colcon_core.shell:Creating environment hook '/home/dev/Golain_ws/src/MorphoTactus/install/MorphoTactus/share/MorphoTactus/hook/pythonpath.sh'
[1.541s] Level 1:colcon.colcon_core.environment:checking '/home/dev/Golain_ws/src/MorphoTactus/install/MorphoTactus/bin'
[1.541s] Level 1:colcon.colcon_core.environment:create_environment_scripts_only(MorphoTactus)
[1.542s] INFO:colcon.colcon_core.shell:Creating package script '/home/dev/Golain_ws/src/MorphoTactus/install/MorphoTactus/share/MorphoTactus/package.ps1'
[1.542s] INFO:colcon.colcon_core.shell:Creating package descriptor '/home/dev/Golain_ws/src/MorphoTactus/install/MorphoTactus/share/MorphoTactus/package.dsv'
[1.543s] INFO:colcon.colcon_core.shell:Creating package script '/home/dev/Golain_ws/src/MorphoTactus/install/MorphoTactus/share/MorphoTactus/package.sh'
[1.543s] INFO:colcon.colcon_core.shell:Creating package script '/home/dev/Golain_ws/src/MorphoTactus/install/MorphoTactus/share/MorphoTactus/package.bash'
[1.544s] INFO:colcon.colcon_core.shell:Creating package script '/home/dev/Golain_ws/src/MorphoTactus/install/MorphoTactus/share/MorphoTactus/package.zsh'
[1.544s] Level 1:colcon.colcon_core.environment:create_file_with_runtime_dependencies(/home/dev/Golain_ws/src/MorphoTactus/install/MorphoTactus/share/colcon-core/packages/MorphoTactus)
[1.545s] DEBUG:colcon.colcon_parallel_executor.executor.parallel:closing loop
[1.545s] DEBUG:colcon.colcon_parallel_executor.executor.parallel:loop closed
[1.545s] DEBUG:colcon.colcon_parallel_executor.executor.parallel:run_until_complete finished with '0'
[1.545s] DEBUG:colcon.colcon_core.event_reactor:joining thread
[1.560s] INFO:colcon.colcon_core.plugin_system:Skipping extension 'colcon_notification.desktop_notification.terminal_notifier': Not used on non-Darwin systems
[1.561s] INFO:colcon.colcon_core.plugin_system:Skipping extension 'colcon_notification.desktop_notification.win32': Not used on non-Windows systems
[1.561s] INFO:colcon.colcon_notification.desktop_notification:Sending desktop notification using 'notify2'
[1.587s] DEBUG:colcon.colcon_core.event_reactor:joined thread
[1.587s] INFO:colcon.colcon_core.shell:Creating prefix script '/home/dev/Golain_ws/src/MorphoTactus/install/local_setup.ps1'
[1.590s] INFO:colcon.colcon_core.shell:Creating prefix util module '/home/dev/Golain_ws/src/MorphoTactus/install/_local_setup_util_ps1.py'
[1.593s] INFO:colcon.colcon_core.shell:Creating prefix chain script '/home/dev/Golain_ws/src/MorphoTactus/install/setup.ps1'
[1.596s] INFO:colcon.colcon_core.shell:Creating prefix script '/home/dev/Golain_ws/src/MorphoTactus/install/local_setup.sh'
[1.597s] INFO:colcon.colcon_core.shell:Creating prefix util module '/home/dev/Golain_ws/src/MorphoTactus/install/_local_setup_util_sh.py'
[1.599s] INFO:colcon.colcon_core.shell:Creating prefix chain script '/home/dev/Golain_ws/src/MorphoTactus/install/setup.sh'
[1.602s] INFO:colcon.colcon_core.shell:Creating prefix script '/home/dev/Golain_ws/src/MorphoTactus/install/local_setup.bash'
[1.604s] INFO:colcon.colcon_core.shell:Creating prefix chain script '/home/dev/Golain_ws/src/MorphoTactus/install/setup.bash'
[1.607s] INFO:colcon.colcon_core.shell:Creating prefix script '/home/dev/Golain_ws/src/MorphoTactus/install/local_setup.zsh'
[1.608s] INFO:colcon.colcon_core.shell:Creating prefix chain script '/home/dev/Golain_ws/src/MorphoTactus/install/setup.zsh'
