[0.054s] DEBUG:colcon:Command line arguments: ['/usr/bin/colcon', 'build']
[0.054s] DEBUG:colcon:Parsed command line arguments: Namespace(log_base=None, log_level=None, verb_name='build', build_base='build', install_base='install', merge_install=False, symlink_install=False, test_result_base=None, continue_on_error=False, executor='parallel', parallel_workers=32, event_handlers=None, ignore_user_meta=False, metas=['./colcon.meta'], base_paths=['.'], packages_ignore=None, packages_ignore_regex=None, paths=None, packages_up_to=None, packages_up_to_regex=None, packages_above=None, packages_above_and_dependencies=None, packages_above_depth=None, packages_select_by_dep=None, packages_skip_by_dep=None, packages_skip_up_to=None, packages_select_build_failed=False, packages_skip_build_finished=False, packages_select_test_failures=False, packages_skip_test_passed=False, packages_select=None, packages_skip=None, packages_select_regex=None, packages_skip_regex=None, packages_start=None, packages_end=None, allow_overriding=[], cmake_args=None, cmake_target=None, cmake_target_skip_unavailable=False, cmake_clean_cache=False, cmake_clean_first=False, cmake_force_configure=False, ament_cmake_args=None, catkin_cmake_args=None, catkin_skip_building_tests=False, mixin_files=None, mixin=None, verb_parser=<colcon_mixin.mixin.mixin_argument.MixinArgumentDecorator object at 0x6ffdda363ee0>, verb_extension=<colcon_core.verb.build.BuildVerb object at 0x6ffdda4e0fd0>, main=<bound method BuildVerb.main of <colcon_core.verb.build.BuildVerb object at 0x6ffdda4e0fd0>>, mixin_verb=('build',))
[0.152s] Level 1:colcon.colcon_core.package_discovery:discover_packages(colcon_meta) check parameters
[0.152s] Level 1:colcon.colcon_core.package_discovery:discover_packages(recursive) check parameters
[0.152s] Level 1:colcon.colcon_core.package_discovery:discover_packages(ignore) check parameters
[0.152s] Level 1:colcon.colcon_core.package_discovery:discover_packages(path) check parameters
[0.152s] Level 1:colcon.colcon_core.package_discovery:discover_packages(colcon_meta) discover
[0.152s] Level 1:colcon.colcon_core.package_discovery:discover_packages(recursive) discover
[0.152s] INFO:colcon.colcon_core.package_discovery:Crawling recursively for packages in '/home/quoppo/Oak-D-Lite/MorphoTactus'
[0.152s] Level 1:colcon.colcon_core.package_identification:_identify(.) by extensions ['ignore', 'ignore_ament_install']
[0.152s] Level 1:colcon.colcon_core.package_identification:_identify(.) by extension 'ignore'
[0.152s] Level 1:colcon.colcon_core.package_identification:_identify(.) by extension 'ignore_ament_install'
[0.152s] Level 1:colcon.colcon_core.package_identification:_identify(.) by extensions ['colcon_pkg']
[0.152s] Level 1:colcon.colcon_core.package_identification:_identify(.) by extension 'colcon_pkg'
[0.152s] Level 1:colcon.colcon_core.package_identification:_identify(.) by extensions ['colcon_meta']
[0.153s] Level 1:colcon.colcon_core.package_identification:_identify(.) by extension 'colcon_meta'
[0.153s] Level 1:colcon.colcon_core.package_identification:_identify(.) by extensions ['ros']
[0.153s] Level 1:colcon.colcon_core.package_identification:_identify(.) by extension 'ros'
[0.159s] DEBUG:colcon.colcon_core.package_identification:Package '.' with type 'ros.ament_python' and name 'MorphoTactus'
[0.159s] Level 1:colcon.colcon_core.package_discovery:discover_packages(recursive) using defaults
[0.159s] Level 1:colcon.colcon_core.package_discovery:discover_packages(ignore) discover
[0.159s] Level 1:colcon.colcon_core.package_discovery:discover_packages(ignore) using defaults
[0.159s] Level 1:colcon.colcon_core.package_discovery:discover_packages(path) discover
[0.159s] Level 1:colcon.colcon_core.package_discovery:discover_packages(path) using defaults
[0.168s] Level 1:colcon.colcon_core.package_discovery:discover_packages(prefix_path) check parameters
[0.168s] Level 1:colcon.colcon_core.package_discovery:discover_packages(prefix_path) discover
[0.169s] DEBUG:colcon.colcon_installed_package_information.package_discovery:Found 1 installed packages in /home/quoppo/Oak-D-Lite/MorphoTactus/install
[0.169s] DEBUG:colcon.colcon_installed_package_information.package_discovery:Found 4 installed packages in /home/quoppo/Kikobot-Moveit-integration/install
[0.170s] DEBUG:colcon.colcon_installed_package_information.package_discovery:Found 524 installed packages in /opt/ros/humble
[0.171s] Level 1:colcon.colcon_core.package_discovery:discover_packages(prefix_path) using defaults
[0.194s] Level 5:colcon.colcon_core.verb:set package 'MorphoTactus' build argument 'cmake_args' from command line to 'None'
[0.194s] Level 5:colcon.colcon_core.verb:set package 'MorphoTactus' build argument 'cmake_target' from command line to 'None'
[0.194s] Level 5:colcon.colcon_core.verb:set package 'MorphoTactus' build argument 'cmake_target_skip_unavailable' from command line to 'False'
[0.194s] Level 5:colcon.colcon_core.verb:set package 'MorphoTactus' build argument 'cmake_clean_cache' from command line to 'False'
[0.194s] Level 5:colcon.colcon_core.verb:set package 'MorphoTactus' build argument 'cmake_clean_first' from command line to 'False'
[0.194s] Level 5:colcon.colcon_core.verb:set package 'MorphoTactus' build argument 'cmake_force_configure' from command line to 'False'
[0.194s] Level 5:colcon.colcon_core.verb:set package 'MorphoTactus' build argument 'ament_cmake_args' from command line to 'None'
[0.194s] Level 5:colcon.colcon_core.verb:set package 'MorphoTactus' build argument 'catkin_cmake_args' from command line to 'None'
[0.194s] Level 5:colcon.colcon_core.verb:set package 'MorphoTactus' build argument 'catkin_skip_building_tests' from command line to 'False'
[0.194s] DEBUG:colcon.colcon_core.verb:Building package 'MorphoTactus' with the following arguments: {'ament_cmake_args': None, 'build_base': '/home/quoppo/Oak-D-Lite/MorphoTactus/build/MorphoTactus', 'catkin_cmake_args': None, 'catkin_skip_building_tests': False, 'cmake_args': None, 'cmake_clean_cache': False, 'cmake_clean_first': False, 'cmake_force_configure': False, 'cmake_target': None, 'cmake_target_skip_unavailable': False, 'install_base': '/home/quoppo/Oak-D-Lite/MorphoTactus/install/MorphoTactus', 'merge_install': False, 'path': '/home/quoppo/Oak-D-Lite/MorphoTactus', 'symlink_install': False, 'test_result_base': None}
[0.194s] INFO:colcon.colcon_core.executor:Executing jobs using 'parallel' executor
[0.194s] DEBUG:colcon.colcon_parallel_executor.executor.parallel:run_until_complete
[0.195s] INFO:colcon.colcon_ros.task.ament_python.build:Building ROS package in '/home/quoppo/Oak-D-Lite/MorphoTactus' with build type 'ament_python'
[0.195s] Level 1:colcon.colcon_core.shell:create_environment_hook('MorphoTactus', 'ament_prefix_path')
[0.195s] INFO:colcon.colcon_core.plugin_system:Skipping extension 'colcon_core.shell.bat': Not used on non-Windows systems
[0.195s] INFO:colcon.colcon_core.shell:Creating environment hook '/home/quoppo/Oak-D-Lite/MorphoTactus/install/MorphoTactus/share/MorphoTactus/hook/ament_prefix_path.ps1'
[0.196s] INFO:colcon.colcon_core.shell:Creating environment descriptor '/home/quoppo/Oak-D-Lite/MorphoTactus/install/MorphoTactus/share/MorphoTactus/hook/ament_prefix_path.dsv'
[0.196s] INFO:colcon.colcon_core.shell:Creating environment hook '/home/quoppo/Oak-D-Lite/MorphoTactus/install/MorphoTactus/share/MorphoTactus/hook/ament_prefix_path.sh'
[0.196s] INFO:colcon.colcon_core.shell:Skip shell extension 'powershell' for command environment: Not usable outside of PowerShell
[0.196s] DEBUG:colcon.colcon_core.shell:Skip shell extension 'dsv' for command environment
[0.334s] INFO:colcon.colcon_core.task.python.build:Building Python package in '/home/quoppo/Oak-D-Lite/MorphoTactus'
[0.335s] INFO:colcon.colcon_core.shell:Skip shell extension 'powershell' for command environment: Not usable outside of PowerShell
[0.335s] DEBUG:colcon.colcon_core.shell:Skip shell extension 'dsv' for command environment
[0.551s] DEBUG:colcon.colcon_core.event_handler.log_command:Invoking command in '/home/quoppo/Oak-D-Lite/MorphoTactus': PYTHONPATH=/home/quoppo/Oak-D-Lite/MorphoTactus/build/MorphoTactus/prefix_override:/usr/lib/python3/dist-packages/colcon_core/task/python/colcon_distutils_commands:/home/quoppo/Oak-D-Lite/MorphoTactus/install/MorphoTactus/lib/python3.10/site-packages:${PYTHONPATH} /usr/bin/python3 -W ignore:setup.py install is deprecated -W ignore:easy_install command is deprecated setup.py egg_info --egg-base build/MorphoTactus build --build-base /home/quoppo/Oak-D-Lite/MorphoTactus/build/MorphoTactus/build install --record /home/quoppo/Oak-D-Lite/MorphoTactus/build/MorphoTactus/install.log --single-version-externally-managed install_data
[0.702s] DEBUG:colcon.colcon_core.event_handler.log_command:Invoked command in '/home/quoppo/Oak-D-Lite/MorphoTactus' returned '0': PYTHONPATH=/home/quoppo/Oak-D-Lite/MorphoTactus/build/MorphoTactus/prefix_override:/usr/lib/python3/dist-packages/colcon_core/task/python/colcon_distutils_commands:/home/quoppo/Oak-D-Lite/MorphoTactus/install/MorphoTactus/lib/python3.10/site-packages:${PYTHONPATH} /usr/bin/python3 -W ignore:setup.py install is deprecated -W ignore:easy_install command is deprecated setup.py egg_info --egg-base build/MorphoTactus build --build-base /home/quoppo/Oak-D-Lite/MorphoTactus/build/MorphoTactus/build install --record /home/quoppo/Oak-D-Lite/MorphoTactus/build/MorphoTactus/install.log --single-version-externally-managed install_data
[0.704s] Level 1:colcon.colcon_core.environment:checking '/home/quoppo/Oak-D-Lite/MorphoTactus/install/MorphoTactus' for CMake module files
[0.704s] Level 1:colcon.colcon_core.environment:checking '/home/quoppo/Oak-D-Lite/MorphoTactus/install/MorphoTactus' for CMake config files
[0.705s] Level 1:colcon.colcon_core.environment:checking '/home/quoppo/Oak-D-Lite/MorphoTactus/install/MorphoTactus/lib'
[0.705s] Level 1:colcon.colcon_core.environment:checking '/home/quoppo/Oak-D-Lite/MorphoTactus/install/MorphoTactus/bin'
[0.705s] Level 1:colcon.colcon_core.environment:checking '/home/quoppo/Oak-D-Lite/MorphoTactus/install/MorphoTactus/lib/pkgconfig/MorphoTactus.pc'
[0.705s] Level 1:colcon.colcon_core.environment:checking '/home/quoppo/Oak-D-Lite/MorphoTactus/install/MorphoTactus/lib/python3.10/site-packages'
[0.705s] Level 1:colcon.colcon_core.shell:create_environment_hook('MorphoTactus', 'pythonpath')
[0.705s] INFO:colcon.colcon_core.shell:Creating environment hook '/home/quoppo/Oak-D-Lite/MorphoTactus/install/MorphoTactus/share/MorphoTactus/hook/pythonpath.ps1'
[0.705s] INFO:colcon.colcon_core.shell:Creating environment descriptor '/home/quoppo/Oak-D-Lite/MorphoTactus/install/MorphoTactus/share/MorphoTactus/hook/pythonpath.dsv'
[0.705s] INFO:colcon.colcon_core.shell:Creating environment hook '/home/quoppo/Oak-D-Lite/MorphoTactus/install/MorphoTactus/share/MorphoTactus/hook/pythonpath.sh'
[0.706s] Level 1:colcon.colcon_core.environment:checking '/home/quoppo/Oak-D-Lite/MorphoTactus/install/MorphoTactus/bin'
[0.706s] Level 1:colcon.colcon_core.environment:create_environment_scripts_only(MorphoTactus)
[0.706s] INFO:colcon.colcon_core.shell:Creating package script '/home/quoppo/Oak-D-Lite/MorphoTactus/install/MorphoTactus/share/MorphoTactus/package.ps1'
[0.706s] INFO:colcon.colcon_core.shell:Creating package descriptor '/home/quoppo/Oak-D-Lite/MorphoTactus/install/MorphoTactus/share/MorphoTactus/package.dsv'
[0.706s] INFO:colcon.colcon_core.shell:Creating package script '/home/quoppo/Oak-D-Lite/MorphoTactus/install/MorphoTactus/share/MorphoTactus/package.sh'
[0.707s] INFO:colcon.colcon_core.shell:Creating package script '/home/quoppo/Oak-D-Lite/MorphoTactus/install/MorphoTactus/share/MorphoTactus/package.bash'
[0.707s] INFO:colcon.colcon_core.shell:Creating package script '/home/quoppo/Oak-D-Lite/MorphoTactus/install/MorphoTactus/share/MorphoTactus/package.zsh'
[0.707s] Level 1:colcon.colcon_core.environment:create_file_with_runtime_dependencies(/home/quoppo/Oak-D-Lite/MorphoTactus/install/MorphoTactus/share/colcon-core/packages/MorphoTactus)
[0.707s] DEBUG:colcon.colcon_parallel_executor.executor.parallel:closing loop
[0.707s] DEBUG:colcon.colcon_parallel_executor.executor.parallel:loop closed
[0.707s] DEBUG:colcon.colcon_parallel_executor.executor.parallel:run_until_complete finished with '0'
[0.707s] DEBUG:colcon.colcon_core.event_reactor:joining thread
[0.710s] INFO:colcon.colcon_core.plugin_system:Skipping extension 'colcon_notification.desktop_notification.terminal_notifier': Not used on non-Darwin systems
[0.710s] INFO:colcon.colcon_core.plugin_system:Skipping extension 'colcon_notification.desktop_notification.win32': Not used on non-Windows systems
[0.710s] INFO:colcon.colcon_notification.desktop_notification:Sending desktop notification using 'notify2'
[0.715s] DEBUG:colcon.colcon_core.event_reactor:joined thread
[0.715s] INFO:colcon.colcon_core.shell:Creating prefix script '/home/quoppo/Oak-D-Lite/MorphoTactus/install/local_setup.ps1'
[0.715s] INFO:colcon.colcon_core.shell:Creating prefix util module '/home/quoppo/Oak-D-Lite/MorphoTactus/install/_local_setup_util_ps1.py'
[0.716s] INFO:colcon.colcon_core.shell:Creating prefix chain script '/home/quoppo/Oak-D-Lite/MorphoTactus/install/setup.ps1'
[0.716s] INFO:colcon.colcon_core.shell:Creating prefix script '/home/quoppo/Oak-D-Lite/MorphoTactus/install/local_setup.sh'
[0.717s] INFO:colcon.colcon_core.shell:Creating prefix util module '/home/quoppo/Oak-D-Lite/MorphoTactus/install/_local_setup_util_sh.py'
[0.717s] INFO:colcon.colcon_core.shell:Creating prefix chain script '/home/quoppo/Oak-D-Lite/MorphoTactus/install/setup.sh'
[0.717s] INFO:colcon.colcon_core.shell:Creating prefix script '/home/quoppo/Oak-D-Lite/MorphoTactus/install/local_setup.bash'
[0.717s] INFO:colcon.colcon_core.shell:Creating prefix chain script '/home/quoppo/Oak-D-Lite/MorphoTactus/install/setup.bash'
[0.718s] INFO:colcon.colcon_core.shell:Creating prefix script '/home/quoppo/Oak-D-Lite/MorphoTactus/install/local_setup.zsh'
[0.718s] INFO:colcon.colcon_core.shell:Creating prefix chain script '/home/quoppo/Oak-D-Lite/MorphoTactus/install/setup.zsh'
