[0.159s] DEBUG:colcon:Command line arguments: ['/usr/bin/colcon', 'build']
[0.159s] DEBUG:colcon:Parsed command line arguments: Namespace(log_base=None, log_level=None, verb_name='build', build_base='build', install_base='install', merge_install=False, symlink_install=False, test_result_base=None, continue_on_error=False, executor='parallel', parallel_workers=12, event_handlers=None, ignore_user_meta=False, metas=['./colcon.meta'], base_paths=['.'], packages_ignore=None, packages_ignore_regex=None, paths=None, packages_up_to=None, packages_up_to_regex=None, packages_above=None, packages_above_and_dependencies=None, packages_above_depth=None, packages_select_by_dep=None, packages_skip_by_dep=None, packages_skip_up_to=None, packages_select_build_failed=False, packages_skip_build_finished=False, packages_select_test_failures=False, packages_skip_test_passed=False, packages_select=None, packages_skip=None, packages_select_regex=None, packages_skip_regex=None, packages_start=None, packages_end=None, allow_overriding=[], cmake_args=None, cmake_target=None, cmake_target_skip_unavailable=False, cmake_clean_cache=False, cmake_clean_first=False, cmake_force_configure=False, ament_cmake_args=None, catkin_cmake_args=None, catkin_skip_building_tests=False, verb_parser=<colcon_defaults.argument_parser.defaults.DefaultArgumentsDecorator object at 0x791856e82e30>, verb_extension=<colcon_core.verb.build.BuildVerb object at 0x791856fb8cd0>, main=<bound method BuildVerb.main of <colcon_core.verb.build.BuildVerb object at 0x791856fb8cd0>>)
[0.425s] Level 1:colcon.colcon_core.package_discovery:discover_packages(colcon_meta) check parameters
[0.425s] Level 1:colcon.colcon_core.package_discovery:discover_packages(recursive) check parameters
[0.425s] Level 1:colcon.colcon_core.package_discovery:discover_packages(ignore) check parameters
[0.425s] Level 1:colcon.colcon_core.package_discovery:discover_packages(path) check parameters
[0.425s] Level 1:colcon.colcon_core.package_discovery:discover_packages(colcon_meta) discover
[0.425s] Level 1:colcon.colcon_core.package_discovery:discover_packages(recursive) discover
[0.426s] INFO:colcon.colcon_core.package_discovery:Crawling recursively for packages in '/home/dev/Golain_ws/src/Kikobot_platform/MorphoTactus'
[0.426s] Level 1:colcon.colcon_core.package_identification:_identify(.) by extensions ['ignore', 'ignore_ament_install']
[0.426s] Level 1:colcon.colcon_core.package_identification:_identify(.) by extension 'ignore'
[0.426s] Level 1:colcon.colcon_core.package_identification:_identify(.) by extension 'ignore_ament_install'
[0.426s] Level 1:colcon.colcon_core.package_identification:_identify(.) by extensions ['colcon_pkg']
[0.426s] Level 1:colcon.colcon_core.package_identification:_identify(.) by extension 'colcon_pkg'
[0.426s] Level 1:colcon.colcon_core.package_identification:_identify(.) by extensions ['colcon_meta']
[0.426s] Level 1:colcon.colcon_core.package_identification:_identify(.) by extension 'colcon_meta'
[0.426s] Level 1:colcon.colcon_core.package_identification:_identify(.) by extensions ['ros']
[0.426s] Level 1:colcon.colcon_core.package_identification:_identify(.) by extension 'ros'
[0.446s] DEBUG:colcon.colcon_core.package_identification:Package '.' with type 'ros.ament_python' and name 'MorphoTactus'
[0.446s] Level 1:colcon.colcon_core.package_discovery:discover_packages(recursive) using defaults
[0.446s] Level 1:colcon.colcon_core.package_discovery:discover_packages(ignore) discover
[0.446s] Level 1:colcon.colcon_core.package_discovery:discover_packages(ignore) using defaults
[0.446s] Level 1:colcon.colcon_core.package_discovery:discover_packages(path) discover
[0.446s] Level 1:colcon.colcon_core.package_discovery:discover_packages(path) using defaults
[0.520s] Level 1:colcon.colcon_core.package_discovery:discover_packages(prefix_path) check parameters
[0.520s] Level 1:colcon.colcon_core.package_discovery:discover_packages(prefix_path) discover
[0.526s] DEBUG:colcon.colcon_installed_package_information.package_discovery:Found 4 installed packages in /home/dev/Kikobot_moveit/install
[0.531s] DEBUG:colcon.colcon_installed_package_information.package_discovery:Found 396 installed packages in /opt/ros/humble
[0.536s] Level 1:colcon.colcon_core.package_discovery:discover_packages(prefix_path) using defaults
[0.645s] Level 5:colcon.colcon_core.verb:set package 'MorphoTactus' build argument 'cmake_args' from command line to 'None'
[0.645s] Level 5:colcon.colcon_core.verb:set package 'MorphoTactus' build argument 'cmake_target' from command line to 'None'
[0.645s] Level 5:colcon.colcon_core.verb:set package 'MorphoTactus' build argument 'cmake_target_skip_unavailable' from command line to 'False'
[0.645s] Level 5:colcon.colcon_core.verb:set package 'MorphoTactus' build argument 'cmake_clean_cache' from command line to 'False'
[0.645s] Level 5:colcon.colcon_core.verb:set package 'MorphoTactus' build argument 'cmake_clean_first' from command line to 'False'
[0.645s] Level 5:colcon.colcon_core.verb:set package 'MorphoTactus' build argument 'cmake_force_configure' from command line to 'False'
[0.645s] Level 5:colcon.colcon_core.verb:set package 'MorphoTactus' build argument 'ament_cmake_args' from command line to 'None'
[0.645s] Level 5:colcon.colcon_core.verb:set package 'MorphoTactus' build argument 'catkin_cmake_args' from command line to 'None'
[0.645s] Level 5:colcon.colcon_core.verb:set package 'MorphoTactus' build argument 'catkin_skip_building_tests' from command line to 'False'
[0.645s] DEBUG:colcon.colcon_core.verb:Building package 'MorphoTactus' with the following arguments: {'ament_cmake_args': None, 'build_base': '/home/dev/Golain_ws/src/Kikobot_platform/MorphoTactus/build/MorphoTactus', 'catkin_cmake_args': None, 'catkin_skip_building_tests': False, 'cmake_args': None, 'cmake_clean_cache': False, 'cmake_clean_first': False, 'cmake_force_configure': False, 'cmake_target': None, 'cmake_target_skip_unavailable': False, 'install_base': '/home/dev/Golain_ws/src/Kikobot_platform/MorphoTactus/install/MorphoTactus', 'merge_install': False, 'path': '/home/dev/Golain_ws/src/Kikobot_platform/MorphoTactus', 'symlink_install': False, 'test_result_base': None}
[0.646s] INFO:colcon.colcon_core.executor:Executing jobs using 'parallel' executor
[0.647s] DEBUG:colcon.colcon_parallel_executor.executor.parallel:run_until_complete
[0.648s] INFO:colcon.colcon_ros.task.ament_python.build:Building ROS package in '/home/dev/Golain_ws/src/Kikobot_platform/MorphoTactus' with build type 'ament_python'
[0.648s] Level 1:colcon.colcon_core.shell:create_environment_hook('MorphoTactus', 'ament_prefix_path')
[0.651s] INFO:colcon.colcon_core.plugin_system:Skipping extension 'colcon_core.shell.bat': Not used on non-Windows systems
[0.651s] INFO:colcon.colcon_core.shell:Creating environment hook '/home/dev/Golain_ws/src/Kikobot_platform/MorphoTactus/install/MorphoTactus/share/MorphoTactus/hook/ament_prefix_path.ps1'
[0.652s] INFO:colcon.colcon_core.shell:Creating environment descriptor '/home/dev/Golain_ws/src/Kikobot_platform/MorphoTactus/install/MorphoTactus/share/MorphoTactus/hook/ament_prefix_path.dsv'
[0.653s] INFO:colcon.colcon_core.shell:Creating environment hook '/home/dev/Golain_ws/src/Kikobot_platform/MorphoTactus/install/MorphoTactus/share/MorphoTactus/hook/ament_prefix_path.sh'
[0.654s] INFO:colcon.colcon_core.shell:Skip shell extension 'powershell' for command environment: Not usable outside of PowerShell
[0.654s] DEBUG:colcon.colcon_core.shell:Skip shell extension 'dsv' for command environment
[1.142s] INFO:colcon.colcon_core.task.python.build:Building Python package in '/home/dev/Golain_ws/src/Kikobot_platform/MorphoTactus'
[1.143s] INFO:colcon.colcon_core.shell:Skip shell extension 'powershell' for command environment: Not usable outside of PowerShell
[1.143s] DEBUG:colcon.colcon_core.shell:Skip shell extension 'dsv' for command environment
[1.817s] DEBUG:colcon.colcon_core.event_handler.log_command:Invoking command in '/home/dev/Golain_ws/src/Kikobot_platform/MorphoTactus': PYTHONPATH=/home/dev/Golain_ws/src/Kikobot_platform/MorphoTactus/build/MorphoTactus/prefix_override:/usr/lib/python3/dist-packages/colcon_core/task/python/colcon_distutils_commands:/home/dev/Golain_ws/src/Kikobot_platform/MorphoTactus/install/MorphoTactus/lib/python3.10/site-packages:${PYTHONPATH} /usr/bin/python3 -W ignore:setup.py install is deprecated -W ignore:easy_install command is deprecated setup.py egg_info --egg-base build/MorphoTactus build --build-base /home/dev/Golain_ws/src/Kikobot_platform/MorphoTactus/build/MorphoTactus/build install --record /home/dev/Golain_ws/src/Kikobot_platform/MorphoTactus/build/MorphoTactus/install.log --single-version-externally-managed install_data
[2.329s] DEBUG:colcon.colcon_core.event_handler.log_command:Invoked command in '/home/dev/Golain_ws/src/Kikobot_platform/MorphoTactus' returned '0': PYTHONPATH=/home/dev/Golain_ws/src/Kikobot_platform/MorphoTactus/build/MorphoTactus/prefix_override:/usr/lib/python3/dist-packages/colcon_core/task/python/colcon_distutils_commands:/home/dev/Golain_ws/src/Kikobot_platform/MorphoTactus/install/MorphoTactus/lib/python3.10/site-packages:${PYTHONPATH} /usr/bin/python3 -W ignore:setup.py install is deprecated -W ignore:easy_install command is deprecated setup.py egg_info --egg-base build/MorphoTactus build --build-base /home/dev/Golain_ws/src/Kikobot_platform/MorphoTactus/build/MorphoTactus/build install --record /home/dev/Golain_ws/src/Kikobot_platform/MorphoTactus/build/MorphoTactus/install.log --single-version-externally-managed install_data
[2.334s] Level 1:colcon.colcon_core.environment:checking '/home/dev/Golain_ws/src/Kikobot_platform/MorphoTactus/install/MorphoTactus' for CMake module files
[2.335s] Level 1:colcon.colcon_core.environment:checking '/home/dev/Golain_ws/src/Kikobot_platform/MorphoTactus/install/MorphoTactus' for CMake config files
[2.336s] Level 1:colcon.colcon_core.environment:checking '/home/dev/Golain_ws/src/Kikobot_platform/MorphoTactus/install/MorphoTactus/lib'
[2.336s] Level 1:colcon.colcon_core.environment:checking '/home/dev/Golain_ws/src/Kikobot_platform/MorphoTactus/install/MorphoTactus/bin'
[2.337s] Level 1:colcon.colcon_core.environment:checking '/home/dev/Golain_ws/src/Kikobot_platform/MorphoTactus/install/MorphoTactus/lib/pkgconfig/MorphoTactus.pc'
[2.337s] Level 1:colcon.colcon_core.environment:checking '/home/dev/Golain_ws/src/Kikobot_platform/MorphoTactus/install/MorphoTactus/lib/python3.10/site-packages'
[2.337s] Level 1:colcon.colcon_core.shell:create_environment_hook('MorphoTactus', 'pythonpath')
[2.338s] INFO:colcon.colcon_core.shell:Creating environment hook '/home/dev/Golain_ws/src/Kikobot_platform/MorphoTactus/install/MorphoTactus/share/MorphoTactus/hook/pythonpath.ps1'
[2.339s] INFO:colcon.colcon_core.shell:Creating environment descriptor '/home/dev/Golain_ws/src/Kikobot_platform/MorphoTactus/install/MorphoTactus/share/MorphoTactus/hook/pythonpath.dsv'
[2.339s] INFO:colcon.colcon_core.shell:Creating environment hook '/home/dev/Golain_ws/src/Kikobot_platform/MorphoTactus/install/MorphoTactus/share/MorphoTactus/hook/pythonpath.sh'
[2.340s] Level 1:colcon.colcon_core.environment:checking '/home/dev/Golain_ws/src/Kikobot_platform/MorphoTactus/install/MorphoTactus/bin'
[2.340s] Level 1:colcon.colcon_core.environment:create_environment_scripts_only(MorphoTactus)
[2.341s] INFO:colcon.colcon_core.shell:Creating package script '/home/dev/Golain_ws/src/Kikobot_platform/MorphoTactus/install/MorphoTactus/share/MorphoTactus/package.ps1'
[2.343s] INFO:colcon.colcon_core.shell:Creating package descriptor '/home/dev/Golain_ws/src/Kikobot_platform/MorphoTactus/install/MorphoTactus/share/MorphoTactus/package.dsv'
[2.344s] INFO:colcon.colcon_core.shell:Creating package script '/home/dev/Golain_ws/src/Kikobot_platform/MorphoTactus/install/MorphoTactus/share/MorphoTactus/package.sh'
[2.345s] INFO:colcon.colcon_core.shell:Creating package script '/home/dev/Golain_ws/src/Kikobot_platform/MorphoTactus/install/MorphoTactus/share/MorphoTactus/package.bash'
[2.347s] INFO:colcon.colcon_core.shell:Creating package script '/home/dev/Golain_ws/src/Kikobot_platform/MorphoTactus/install/MorphoTactus/share/MorphoTactus/package.zsh'
[2.348s] Level 1:colcon.colcon_core.environment:create_file_with_runtime_dependencies(/home/dev/Golain_ws/src/Kikobot_platform/MorphoTactus/install/MorphoTactus/share/colcon-core/packages/MorphoTactus)
[2.349s] DEBUG:colcon.colcon_parallel_executor.executor.parallel:closing loop
[2.349s] DEBUG:colcon.colcon_parallel_executor.executor.parallel:loop closed
[2.349s] DEBUG:colcon.colcon_parallel_executor.executor.parallel:run_until_complete finished with '0'
[2.350s] DEBUG:colcon.colcon_core.event_reactor:joining thread
[2.366s] INFO:colcon.colcon_core.plugin_system:Skipping extension 'colcon_notification.desktop_notification.terminal_notifier': Not used on non-Darwin systems
[2.366s] INFO:colcon.colcon_core.plugin_system:Skipping extension 'colcon_notification.desktop_notification.win32': Not used on non-Windows systems
[2.366s] INFO:colcon.colcon_notification.desktop_notification:Sending desktop notification using 'notify2'
[2.385s] DEBUG:colcon.colcon_core.event_reactor:joined thread
[2.386s] INFO:colcon.colcon_core.shell:Creating prefix script '/home/dev/Golain_ws/src/Kikobot_platform/MorphoTactus/install/local_setup.ps1'
[2.388s] INFO:colcon.colcon_core.shell:Creating prefix util module '/home/dev/Golain_ws/src/Kikobot_platform/MorphoTactus/install/_local_setup_util_ps1.py'
[2.393s] INFO:colcon.colcon_core.shell:Creating prefix chain script '/home/dev/Golain_ws/src/Kikobot_platform/MorphoTactus/install/setup.ps1'
[2.397s] INFO:colcon.colcon_core.shell:Creating prefix script '/home/dev/Golain_ws/src/Kikobot_platform/MorphoTactus/install/local_setup.sh'
[2.398s] INFO:colcon.colcon_core.shell:Creating prefix util module '/home/dev/Golain_ws/src/Kikobot_platform/MorphoTactus/install/_local_setup_util_sh.py'
[2.399s] INFO:colcon.colcon_core.shell:Creating prefix chain script '/home/dev/Golain_ws/src/Kikobot_platform/MorphoTactus/install/setup.sh'
[2.402s] INFO:colcon.colcon_core.shell:Creating prefix script '/home/dev/Golain_ws/src/Kikobot_platform/MorphoTactus/install/local_setup.bash'
[2.403s] INFO:colcon.colcon_core.shell:Creating prefix chain script '/home/dev/Golain_ws/src/Kikobot_platform/MorphoTactus/install/setup.bash'
[2.405s] INFO:colcon.colcon_core.shell:Creating prefix script '/home/dev/Golain_ws/src/Kikobot_platform/MorphoTactus/install/local_setup.zsh'
[2.406s] INFO:colcon.colcon_core.shell:Creating prefix chain script '/home/dev/Golain_ws/src/Kikobot_platform/MorphoTactus/install/setup.zsh'
