running egg_info
writing build/MorphoTactus/MorphoTactus.egg-info/PKG-INFO
writing dependency_links to build/MorphoTactus/MorphoTactus.egg-info/dependency_links.txt
writing entry points to build/MorphoTactus/MorphoTactus.egg-info/entry_points.txt
writing requirements to build/MorphoTactus/MorphoTactus.egg-info/requires.txt
writing top-level names to build/MorphoTactus/MorphoTactus.egg-info/top_level.txt
reading manifest file 'build/MorphoTactus/MorphoTactus.egg-info/SOURCES.txt'
writing manifest file 'build/MorphoTactus/MorphoTactus.egg-info/SOURCES.txt'
running build
running build_py
copying MorphoTactus/preprocessing_node.py -> /home/quoppo/Oak-D-Lite/MorphoTactus/build/MorphoTactus/build/lib/MorphoTactus
copying MorphoTactus/hybrid_detector_node.py -> /home/quoppo/Oak-D-Lite/MorphoTactus/build/MorphoTactus/build/lib/MorphoTactus
running install
running install_lib
copying /home/quoppo/Oak-D-Lite/MorphoTactus/build/MorphoTactus/build/lib/MorphoTactus/preprocessing_node.py -> /home/quoppo/Oak-D-Lite/MorphoTactus/install/MorphoTactus/lib/python3.10/site-packages/MorphoTactus
copying /home/quoppo/Oak-D-Lite/MorphoTactus/build/MorphoTactus/build/lib/MorphoTactus/hybrid_detector_node.py -> /home/quoppo/Oak-D-Lite/MorphoTactus/install/MorphoTactus/lib/python3.10/site-packages/MorphoTactus
byte-compiling /home/quoppo/Oak-D-Lite/MorphoTactus/install/MorphoTactus/lib/python3.10/site-packages/MorphoTactus/preprocessing_node.py to preprocessing_node.cpython-310.pyc
byte-compiling /home/quoppo/Oak-D-Lite/MorphoTactus/install/MorphoTactus/lib/python3.10/site-packages/MorphoTactus/hybrid_detector_node.py to hybrid_detector_node.cpython-310.pyc
running install_data
running install_egg_info
removing '/home/quoppo/Oak-D-Lite/MorphoTactus/install/MorphoTactus/lib/python3.10/site-packages/MorphoTactus-0.0.0-py3.10.egg-info' (and everything under it)
Copying build/MorphoTactus/MorphoTactus.egg-info to /home/quoppo/Oak-D-Lite/MorphoTactus/install/MorphoTactus/lib/python3.10/site-packages/MorphoTactus-0.0.0-py3.10.egg-info
running install_scripts
Installing hybrid_detector_node script to /home/quoppo/Oak-D-Lite/MorphoTactus/install/MorphoTactus/lib/MorphoTactus
Installing image_source_node script to /home/quoppo/Oak-D-Lite/MorphoTactus/install/MorphoTactus/lib/MorphoTactus
Installing preprocessing_node script to /home/quoppo/Oak-D-Lite/MorphoTactus/install/MorphoTactus/lib/MorphoTactus
Installing realtime_video_viewer_node script to /home/quoppo/Oak-D-Lite/MorphoTactus/install/MorphoTactus/lib/MorphoTactus
Installing simple_video_viewer_node script to /home/quoppo/Oak-D-Lite/MorphoTactus/install/MorphoTactus/lib/MorphoTactus
Installing video_viewer_node script to /home/quoppo/Oak-D-Lite/MorphoTactus/install/MorphoTactus/lib/MorphoTactus
writing list of installed files to '/home/quoppo/Oak-D-Lite/MorphoTactus/build/MorphoTactus/install.log'
