[0.386s] Invoking command in '/home/quoppo/Oak-D-Lite/MorphoTactus': PYTHONPATH=/home/quoppo/Oak-D-Lite/MorphoTactus/build/MorphoTactus/prefix_override:/usr/lib/python3/dist-packages/colcon_core/task/python/colcon_distutils_commands:/home/quoppo/Oak-D-Lite/MorphoTactus/install/MorphoTactus/lib/python3.10/site-packages:${PYTHONPATH} /usr/bin/python3 -W ignore:setup.py install is deprecated -W ignore:easy_install command is deprecated setup.py egg_info --egg-base build/MorphoTactus build --build-base /home/quoppo/Oak-D-Lite/MorphoTactus/build/MorphoTactus/build install --record /home/quoppo/Oak-D-Lite/MorphoTactus/build/MorphoTactus/install.log --single-version-externally-managed install_data
[0.520s] running egg_info
[0.520s] creating build/MorphoTactus/MorphoTactus.egg-info
[0.520s] writing build/MorphoTactus/MorphoTactus.egg-info/PKG-INFO
[0.520s] writing dependency_links to build/MorphoTactus/MorphoTactus.egg-info/dependency_links.txt
[0.520s] writing entry points to build/MorphoTactus/MorphoTactus.egg-info/entry_points.txt
[0.520s] writing requirements to build/MorphoTactus/MorphoTactus.egg-info/requires.txt
[0.520s] writing top-level names to build/MorphoTactus/MorphoTactus.egg-info/top_level.txt
[0.520s] writing manifest file 'build/MorphoTactus/MorphoTactus.egg-info/SOURCES.txt'
[0.521s] reading manifest file 'build/MorphoTactus/MorphoTactus.egg-info/SOURCES.txt'
[0.521s] writing manifest file 'build/MorphoTactus/MorphoTactus.egg-info/SOURCES.txt'
[0.521s] running build
[0.521s] running build_py
[0.521s] creating /home/quoppo/Oak-D-Lite/MorphoTactus/build/MorphoTactus/build
[0.522s] creating /home/quoppo/Oak-D-Lite/MorphoTactus/build/MorphoTactus/build/lib
[0.522s] creating /home/quoppo/Oak-D-Lite/MorphoTactus/build/MorphoTactus/build/lib/MorphoTactus
[0.522s] copying MorphoTactus/simple_video_viewer.py -> /home/quoppo/Oak-D-Lite/MorphoTactus/build/MorphoTactus/build/lib/MorphoTactus
[0.522s] copying MorphoTactus/video_viewer_node.py -> /home/quoppo/Oak-D-Lite/MorphoTactus/build/MorphoTactus/build/lib/MorphoTactus
[0.522s] copying MorphoTactus/image_source_node.py -> /home/quoppo/Oak-D-Lite/MorphoTactus/build/MorphoTactus/build/lib/MorphoTactus
[0.522s] copying MorphoTactus/realtime_video_viewer.py -> /home/quoppo/Oak-D-Lite/MorphoTactus/build/MorphoTactus/build/lib/MorphoTactus
[0.522s] copying MorphoTactus/preprocessing_node.py -> /home/quoppo/Oak-D-Lite/MorphoTactus/build/MorphoTactus/build/lib/MorphoTactus
[0.522s] copying MorphoTactus/__init__.py -> /home/quoppo/Oak-D-Lite/MorphoTactus/build/MorphoTactus/build/lib/MorphoTactus
[0.522s] copying MorphoTactus/hybrid_detector_node.py -> /home/quoppo/Oak-D-Lite/MorphoTactus/build/MorphoTactus/build/lib/MorphoTactus
[0.522s] creating /home/quoppo/Oak-D-Lite/MorphoTactus/build/MorphoTactus/build/lib/MorphoTactus/utils
[0.522s] copying MorphoTactus/utils/sift_analyzer.py -> /home/quoppo/Oak-D-Lite/MorphoTactus/build/MorphoTactus/build/lib/MorphoTactus/utils
[0.522s] copying MorphoTactus/utils/fusion_engine.py -> /home/quoppo/Oak-D-Lite/MorphoTactus/build/MorphoTactus/build/lib/MorphoTactus/utils
[0.522s] copying MorphoTactus/utils/contour_analyzer.py -> /home/quoppo/Oak-D-Lite/MorphoTactus/build/MorphoTactus/build/lib/MorphoTactus/utils
[0.522s] copying MorphoTactus/utils/__init__.py -> /home/quoppo/Oak-D-Lite/MorphoTactus/build/MorphoTactus/build/lib/MorphoTactus/utils
[0.522s] running install
[0.522s] running install_lib
[0.522s] creating /home/quoppo/Oak-D-Lite/MorphoTactus/install/MorphoTactus/lib/python3.10/site-packages/MorphoTactus
[0.522s] copying /home/quoppo/Oak-D-Lite/MorphoTactus/build/MorphoTactus/build/lib/MorphoTactus/simple_video_viewer.py -> /home/quoppo/Oak-D-Lite/MorphoTactus/install/MorphoTactus/lib/python3.10/site-packages/MorphoTactus
[0.522s] copying /home/quoppo/Oak-D-Lite/MorphoTactus/build/MorphoTactus/build/lib/MorphoTactus/video_viewer_node.py -> /home/quoppo/Oak-D-Lite/MorphoTactus/install/MorphoTactus/lib/python3.10/site-packages/MorphoTactus
[0.522s] copying /home/quoppo/Oak-D-Lite/MorphoTactus/build/MorphoTactus/build/lib/MorphoTactus/image_source_node.py -> /home/quoppo/Oak-D-Lite/MorphoTactus/install/MorphoTactus/lib/python3.10/site-packages/MorphoTactus
[0.523s] copying /home/quoppo/Oak-D-Lite/MorphoTactus/build/MorphoTactus/build/lib/MorphoTactus/realtime_video_viewer.py -> /home/quoppo/Oak-D-Lite/MorphoTactus/install/MorphoTactus/lib/python3.10/site-packages/MorphoTactus
[0.523s] copying /home/quoppo/Oak-D-Lite/MorphoTactus/build/MorphoTactus/build/lib/MorphoTactus/preprocessing_node.py -> /home/quoppo/Oak-D-Lite/MorphoTactus/install/MorphoTactus/lib/python3.10/site-packages/MorphoTactus
[0.523s] copying /home/quoppo/Oak-D-Lite/MorphoTactus/build/MorphoTactus/build/lib/MorphoTactus/__init__.py -> /home/quoppo/Oak-D-Lite/MorphoTactus/install/MorphoTactus/lib/python3.10/site-packages/MorphoTactus
[0.523s] creating /home/quoppo/Oak-D-Lite/MorphoTactus/install/MorphoTactus/lib/python3.10/site-packages/MorphoTactus/utils
[0.523s] copying /home/quoppo/Oak-D-Lite/MorphoTactus/build/MorphoTactus/build/lib/MorphoTactus/utils/sift_analyzer.py -> /home/quoppo/Oak-D-Lite/MorphoTactus/install/MorphoTactus/lib/python3.10/site-packages/MorphoTactus/utils
[0.523s] copying /home/quoppo/Oak-D-Lite/MorphoTactus/build/MorphoTactus/build/lib/MorphoTactus/utils/fusion_engine.py -> /home/quoppo/Oak-D-Lite/MorphoTactus/install/MorphoTactus/lib/python3.10/site-packages/MorphoTactus/utils
[0.523s] copying /home/quoppo/Oak-D-Lite/MorphoTactus/build/MorphoTactus/build/lib/MorphoTactus/utils/contour_analyzer.py -> /home/quoppo/Oak-D-Lite/MorphoTactus/install/MorphoTactus/lib/python3.10/site-packages/MorphoTactus/utils
[0.523s] copying /home/quoppo/Oak-D-Lite/MorphoTactus/build/MorphoTactus/build/lib/MorphoTactus/utils/__init__.py -> /home/quoppo/Oak-D-Lite/MorphoTactus/install/MorphoTactus/lib/python3.10/site-packages/MorphoTactus/utils
[0.523s] copying /home/quoppo/Oak-D-Lite/MorphoTactus/build/MorphoTactus/build/lib/MorphoTactus/hybrid_detector_node.py -> /home/quoppo/Oak-D-Lite/MorphoTactus/install/MorphoTactus/lib/python3.10/site-packages/MorphoTactus
[0.523s] byte-compiling /home/quoppo/Oak-D-Lite/MorphoTactus/install/MorphoTactus/lib/python3.10/site-packages/MorphoTactus/simple_video_viewer.py to simple_video_viewer.cpython-310.pyc
[0.523s] byte-compiling /home/quoppo/Oak-D-Lite/MorphoTactus/install/MorphoTactus/lib/python3.10/site-packages/MorphoTactus/video_viewer_node.py to video_viewer_node.cpython-310.pyc
[0.524s] byte-compiling /home/quoppo/Oak-D-Lite/MorphoTactus/install/MorphoTactus/lib/python3.10/site-packages/MorphoTactus/image_source_node.py to image_source_node.cpython-310.pyc
[0.525s] byte-compiling /home/quoppo/Oak-D-Lite/MorphoTactus/install/MorphoTactus/lib/python3.10/site-packages/MorphoTactus/realtime_video_viewer.py to realtime_video_viewer.cpython-310.pyc
[0.526s] byte-compiling /home/quoppo/Oak-D-Lite/MorphoTactus/install/MorphoTactus/lib/python3.10/site-packages/MorphoTactus/preprocessing_node.py to preprocessing_node.cpython-310.pyc
[0.526s] byte-compiling /home/quoppo/Oak-D-Lite/MorphoTactus/install/MorphoTactus/lib/python3.10/site-packages/MorphoTactus/__init__.py to __init__.cpython-310.pyc
[0.527s] byte-compiling /home/quoppo/Oak-D-Lite/MorphoTactus/install/MorphoTactus/lib/python3.10/site-packages/MorphoTactus/utils/sift_analyzer.py to sift_analyzer.cpython-310.pyc
[0.527s] byte-compiling /home/quoppo/Oak-D-Lite/MorphoTactus/install/MorphoTactus/lib/python3.10/site-packages/MorphoTactus/utils/fusion_engine.py to fusion_engine.cpython-310.pyc
[0.528s] byte-compiling /home/quoppo/Oak-D-Lite/MorphoTactus/install/MorphoTactus/lib/python3.10/site-packages/MorphoTactus/utils/contour_analyzer.py to contour_analyzer.cpython-310.pyc
[0.528s] byte-compiling /home/quoppo/Oak-D-Lite/MorphoTactus/install/MorphoTactus/lib/python3.10/site-packages/MorphoTactus/utils/__init__.py to __init__.cpython-310.pyc
[0.528s] byte-compiling /home/quoppo/Oak-D-Lite/MorphoTactus/install/MorphoTactus/lib/python3.10/site-packages/MorphoTactus/hybrid_detector_node.py to hybrid_detector_node.cpython-310.pyc
[0.529s] running install_data
[0.529s] creating /home/quoppo/Oak-D-Lite/MorphoTactus/install/MorphoTactus/share/ament_index
[0.530s] creating /home/quoppo/Oak-D-Lite/MorphoTactus/install/MorphoTactus/share/ament_index/resource_index
[0.530s] creating /home/quoppo/Oak-D-Lite/MorphoTactus/install/MorphoTactus/share/ament_index/resource_index/packages
[0.530s] copying resource/MorphoTactus -> /home/quoppo/Oak-D-Lite/MorphoTactus/install/MorphoTactus/share/ament_index/resource_index/packages
[0.530s] copying package.xml -> /home/quoppo/Oak-D-Lite/MorphoTactus/install/MorphoTactus/share/MorphoTactus
[0.530s] creating /home/quoppo/Oak-D-Lite/MorphoTactus/install/MorphoTactus/share/MorphoTactus/launch
[0.530s] copying launch/defect_detection_system.launch.py -> /home/quoppo/Oak-D-Lite/MorphoTactus/install/MorphoTactus/share/MorphoTactus/launch
[0.530s] copying launch/simple_defect_detection.launch.py -> /home/quoppo/Oak-D-Lite/MorphoTactus/install/MorphoTactus/share/MorphoTactus/launch
[0.530s] creating /home/quoppo/Oak-D-Lite/MorphoTactus/install/MorphoTactus/share/MorphoTactus/config
[0.530s] copying config/detector_params.yaml -> /home/quoppo/Oak-D-Lite/MorphoTactus/install/MorphoTactus/share/MorphoTactus/config
[0.530s] creating /home/quoppo/Oak-D-Lite/MorphoTactus/install/MorphoTactus/share/MorphoTactus/msg
[0.530s] copying msg/DefectInfo.msg -> /home/quoppo/Oak-D-Lite/MorphoTactus/install/MorphoTactus/share/MorphoTactus/msg
[0.530s] copying msg/DefectMetadata.msg -> /home/quoppo/Oak-D-Lite/MorphoTactus/install/MorphoTactus/share/MorphoTactus/msg
[0.530s] running install_egg_info
[0.530s] Copying build/MorphoTactus/MorphoTactus.egg-info to /home/quoppo/Oak-D-Lite/MorphoTactus/install/MorphoTactus/lib/python3.10/site-packages/MorphoTactus-0.0.0-py3.10.egg-info
[0.531s] running install_scripts
[0.540s] Installing hybrid_detector_node script to /home/quoppo/Oak-D-Lite/MorphoTactus/install/MorphoTactus/lib/MorphoTactus
[0.540s] Installing image_source_node script to /home/quoppo/Oak-D-Lite/MorphoTactus/install/MorphoTactus/lib/MorphoTactus
[0.540s] Installing preprocessing_node script to /home/quoppo/Oak-D-Lite/MorphoTactus/install/MorphoTactus/lib/MorphoTactus
[0.540s] Installing realtime_video_viewer_node script to /home/quoppo/Oak-D-Lite/MorphoTactus/install/MorphoTactus/lib/MorphoTactus
[0.540s] Installing simple_video_viewer_node script to /home/quoppo/Oak-D-Lite/MorphoTactus/install/MorphoTactus/lib/MorphoTactus
[0.540s] Installing video_viewer_node script to /home/quoppo/Oak-D-Lite/MorphoTactus/install/MorphoTactus/lib/MorphoTactus
[0.540s] writing list of installed files to '/home/quoppo/Oak-D-Lite/MorphoTactus/build/MorphoTactus/install.log'
[0.549s] Invoked command in '/home/quoppo/Oak-D-Lite/MorphoTactus' returned '0': PYTHONPATH=/home/quoppo/Oak-D-Lite/MorphoTactus/build/MorphoTactus/prefix_override:/usr/lib/python3/dist-packages/colcon_core/task/python/colcon_distutils_commands:/home/quoppo/Oak-D-Lite/MorphoTactus/install/MorphoTactus/lib/python3.10/site-packages:${PYTHONPATH} /usr/bin/python3 -W ignore:setup.py install is deprecated -W ignore:easy_install command is deprecated setup.py egg_info --egg-base build/MorphoTactus build --build-base /home/quoppo/Oak-D-Lite/MorphoTactus/build/MorphoTactus/build install --record /home/quoppo/Oak-D-Lite/MorphoTactus/build/MorphoTactus/install.log --single-version-externally-managed install_data
