[0.373s] Invoking command in '/home/quoppo/Oak-D-Lite/MorphoTactus': PYTHONPATH=/home/quoppo/Oak-D-Lite/MorphoTactus/build/MorphoTactus/prefix_override:/usr/lib/python3/dist-packages/colcon_core/task/python/colcon_distutils_commands:/home/quoppo/Oak-D-Lite/MorphoTactus/install/MorphoTactus/lib/python3.10/site-packages:${PYTHONPATH} /usr/bin/python3 -W ignore:setup.py install is deprecated -W ignore:easy_install command is deprecated setup.py egg_info --egg-base build/MorphoTactus build --build-base /home/quoppo/Oak-D-Lite/MorphoTactus/build/MorphoTactus/build install --record /home/quoppo/Oak-D-Lite/MorphoTactus/build/MorphoTactus/install.log --single-version-externally-managed install_data
[0.498s] running egg_info
[0.498s] writing build/MorphoTactus/MorphoTactus.egg-info/PKG-INFO
[0.498s] writing dependency_links to build/MorphoTactus/MorphoTactus.egg-info/dependency_links.txt
[0.498s] writing entry points to build/MorphoTactus/MorphoTactus.egg-info/entry_points.txt
[0.498s] writing requirements to build/MorphoTactus/MorphoTactus.egg-info/requires.txt
[0.498s] writing top-level names to build/MorphoTactus/MorphoTactus.egg-info/top_level.txt
[0.499s] reading manifest file 'build/MorphoTactus/MorphoTactus.egg-info/SOURCES.txt'
[0.499s] writing manifest file 'build/MorphoTactus/MorphoTactus.egg-info/SOURCES.txt'
[0.499s] running build
[0.499s] running build_py
[0.499s] copying MorphoTactus/preprocessing_node.py -> /home/quoppo/Oak-D-Lite/MorphoTactus/build/MorphoTactus/build/lib/MorphoTactus
[0.500s] running install
[0.500s] running install_lib
[0.500s] copying /home/quoppo/Oak-D-Lite/MorphoTactus/build/MorphoTactus/build/lib/MorphoTactus/preprocessing_node.py -> /home/quoppo/Oak-D-Lite/MorphoTactus/install/MorphoTactus/lib/python3.10/site-packages/MorphoTactus
[0.501s] byte-compiling /home/quoppo/Oak-D-Lite/MorphoTactus/install/MorphoTactus/lib/python3.10/site-packages/MorphoTactus/preprocessing_node.py to preprocessing_node.cpython-310.pyc
[0.502s] running install_data
[0.502s] running install_egg_info
[0.503s] removing '/home/quoppo/Oak-D-Lite/MorphoTactus/install/MorphoTactus/lib/python3.10/site-packages/MorphoTactus-0.0.0-py3.10.egg-info' (and everything under it)
[0.503s] Copying build/MorphoTactus/MorphoTactus.egg-info to /home/quoppo/Oak-D-Lite/MorphoTactus/install/MorphoTactus/lib/python3.10/site-packages/MorphoTactus-0.0.0-py3.10.egg-info
[0.503s] running install_scripts
[0.512s] Installing hybrid_detector_node script to /home/quoppo/Oak-D-Lite/MorphoTactus/install/MorphoTactus/lib/MorphoTactus
[0.512s] Installing image_source_node script to /home/quoppo/Oak-D-Lite/MorphoTactus/install/MorphoTactus/lib/MorphoTactus
[0.512s] Installing preprocessing_node script to /home/quoppo/Oak-D-Lite/MorphoTactus/install/MorphoTactus/lib/MorphoTactus
[0.512s] Installing realtime_video_viewer_node script to /home/quoppo/Oak-D-Lite/MorphoTactus/install/MorphoTactus/lib/MorphoTactus
[0.512s] Installing simple_video_viewer_node script to /home/quoppo/Oak-D-Lite/MorphoTactus/install/MorphoTactus/lib/MorphoTactus
[0.512s] Installing video_viewer_node script to /home/quoppo/Oak-D-Lite/MorphoTactus/install/MorphoTactus/lib/MorphoTactus
[0.512s] writing list of installed files to '/home/quoppo/Oak-D-Lite/MorphoTactus/build/MorphoTactus/install.log'
[0.523s] Invoked command in '/home/quoppo/Oak-D-Lite/MorphoTactus' returned '0': PYTHONPATH=/home/quoppo/Oak-D-Lite/MorphoTactus/build/MorphoTactus/prefix_override:/usr/lib/python3/dist-packages/colcon_core/task/python/colcon_distutils_commands:/home/quoppo/Oak-D-Lite/MorphoTactus/install/MorphoTactus/lib/python3.10/site-packages:${PYTHONPATH} /usr/bin/python3 -W ignore:setup.py install is deprecated -W ignore:easy_install command is deprecated setup.py egg_info --egg-base build/MorphoTactus build --build-base /home/quoppo/Oak-D-Lite/MorphoTactus/build/MorphoTactus/build install --record /home/quoppo/Oak-D-Lite/MorphoTactus/build/MorphoTactus/install.log --single-version-externally-managed install_data
