[1.168s] Invoking command in '/home/dev/Golain_ws/src/Kikobot_platform/MorphoTactus': PYTHONPATH=/home/dev/Golain_ws/src/Kikobot_platform/MorphoTactus/build/MorphoTactus/prefix_override:/usr/lib/python3/dist-packages/colcon_core/task/python/colcon_distutils_commands:/home/dev/Golain_ws/src/Kikobot_platform/MorphoTactus/install/MorphoTactus/lib/python3.10/site-packages:${PYTHONPATH} /usr/bin/python3 -W ignore:setup.py install is deprecated -W ignore:easy_install command is deprecated setup.py egg_info --egg-base build/MorphoTactus build --build-base /home/dev/Golain_ws/src/Kikobot_platform/MorphoTactus/build/MorphoTactus/build install --record /home/dev/Golain_ws/src/Kikobot_platform/MorphoTactus/build/MorphoTactus/install.log --single-version-externally-managed install_data
[1.582s] running egg_info
[1.582s] creating build/MorphoTactus/MorphoTactus.egg-info
[1.583s] writing build/MorphoTactus/MorphoTactus.egg-info/PKG-INFO
[1.583s] writing dependency_links to build/MorphoTactus/MorphoTactus.egg-info/dependency_links.txt
[1.583s] writing entry points to build/MorphoTactus/MorphoTactus.egg-info/entry_points.txt
[1.583s] writing requirements to build/MorphoTactus/MorphoTactus.egg-info/requires.txt
[1.584s] writing top-level names to build/MorphoTactus/MorphoTactus.egg-info/top_level.txt
[1.585s] writing manifest file 'build/MorphoTactus/MorphoTactus.egg-info/SOURCES.txt'
[1.588s] reading manifest file 'build/MorphoTactus/MorphoTactus.egg-info/SOURCES.txt'
[1.589s] writing manifest file 'build/MorphoTactus/MorphoTactus.egg-info/SOURCES.txt'
[1.589s] running build
[1.589s] running build_py
[1.589s] creating /home/dev/Golain_ws/src/Kikobot_platform/MorphoTactus/build/MorphoTactus/build
[1.589s] creating /home/dev/Golain_ws/src/Kikobot_platform/MorphoTactus/build/MorphoTactus/build/lib
[1.590s] creating /home/dev/Golain_ws/src/Kikobot_platform/MorphoTactus/build/MorphoTactus/build/lib/MorphoTactus
[1.590s] copying MorphoTactus/preprocessing_node.py -> /home/dev/Golain_ws/src/Kikobot_platform/MorphoTactus/build/MorphoTactus/build/lib/MorphoTactus
[1.590s] copying MorphoTactus/__init__.py -> /home/dev/Golain_ws/src/Kikobot_platform/MorphoTactus/build/MorphoTactus/build/lib/MorphoTactus
[1.590s] copying MorphoTactus/hybrid_detector_node.py -> /home/dev/Golain_ws/src/Kikobot_platform/MorphoTactus/build/MorphoTactus/build/lib/MorphoTactus
[1.590s] copying MorphoTactus/image_source_node.py -> /home/dev/Golain_ws/src/Kikobot_platform/MorphoTactus/build/MorphoTactus/build/lib/MorphoTactus
[1.590s] creating /home/dev/Golain_ws/src/Kikobot_platform/MorphoTactus/build/MorphoTactus/build/lib/MorphoTactus/utils
[1.591s] copying MorphoTactus/utils/sift_analyzer.py -> /home/dev/Golain_ws/src/Kikobot_platform/MorphoTactus/build/MorphoTactus/build/lib/MorphoTactus/utils
[1.591s] copying MorphoTactus/utils/contour_analyzer.py -> /home/dev/Golain_ws/src/Kikobot_platform/MorphoTactus/build/MorphoTactus/build/lib/MorphoTactus/utils
[1.591s] copying MorphoTactus/utils/__init__.py -> /home/dev/Golain_ws/src/Kikobot_platform/MorphoTactus/build/MorphoTactus/build/lib/MorphoTactus/utils
[1.591s] copying MorphoTactus/utils/fusion_engine.py -> /home/dev/Golain_ws/src/Kikobot_platform/MorphoTactus/build/MorphoTactus/build/lib/MorphoTactus/utils
[1.591s] running install
[1.591s] running install_lib
[1.593s] creating /home/dev/Golain_ws/src/Kikobot_platform/MorphoTactus/install/MorphoTactus/lib/python3.10/site-packages/MorphoTactus
[1.593s] copying /home/dev/Golain_ws/src/Kikobot_platform/MorphoTactus/build/MorphoTactus/build/lib/MorphoTactus/preprocessing_node.py -> /home/dev/Golain_ws/src/Kikobot_platform/MorphoTactus/install/MorphoTactus/lib/python3.10/site-packages/MorphoTactus
[1.593s] copying /home/dev/Golain_ws/src/Kikobot_platform/MorphoTactus/build/MorphoTactus/build/lib/MorphoTactus/__init__.py -> /home/dev/Golain_ws/src/Kikobot_platform/MorphoTactus/install/MorphoTactus/lib/python3.10/site-packages/MorphoTactus
[1.593s] copying /home/dev/Golain_ws/src/Kikobot_platform/MorphoTactus/build/MorphoTactus/build/lib/MorphoTactus/hybrid_detector_node.py -> /home/dev/Golain_ws/src/Kikobot_platform/MorphoTactus/install/MorphoTactus/lib/python3.10/site-packages/MorphoTactus
[1.593s] creating /home/dev/Golain_ws/src/Kikobot_platform/MorphoTactus/install/MorphoTactus/lib/python3.10/site-packages/MorphoTactus/utils
[1.594s] copying /home/dev/Golain_ws/src/Kikobot_platform/MorphoTactus/build/MorphoTactus/build/lib/MorphoTactus/utils/sift_analyzer.py -> /home/dev/Golain_ws/src/Kikobot_platform/MorphoTactus/install/MorphoTactus/lib/python3.10/site-packages/MorphoTactus/utils
[1.594s] copying /home/dev/Golain_ws/src/Kikobot_platform/MorphoTactus/build/MorphoTactus/build/lib/MorphoTactus/utils/contour_analyzer.py -> /home/dev/Golain_ws/src/Kikobot_platform/MorphoTactus/install/MorphoTactus/lib/python3.10/site-packages/MorphoTactus/utils
[1.594s] copying /home/dev/Golain_ws/src/Kikobot_platform/MorphoTactus/build/MorphoTactus/build/lib/MorphoTactus/utils/__init__.py -> /home/dev/Golain_ws/src/Kikobot_platform/MorphoTactus/install/MorphoTactus/lib/python3.10/site-packages/MorphoTactus/utils
[1.594s] copying /home/dev/Golain_ws/src/Kikobot_platform/MorphoTactus/build/MorphoTactus/build/lib/MorphoTactus/utils/fusion_engine.py -> /home/dev/Golain_ws/src/Kikobot_platform/MorphoTactus/install/MorphoTactus/lib/python3.10/site-packages/MorphoTactus/utils
[1.594s] copying /home/dev/Golain_ws/src/Kikobot_platform/MorphoTactus/build/MorphoTactus/build/lib/MorphoTactus/image_source_node.py -> /home/dev/Golain_ws/src/Kikobot_platform/MorphoTactus/install/MorphoTactus/lib/python3.10/site-packages/MorphoTactus
[1.594s] byte-compiling /home/dev/Golain_ws/src/Kikobot_platform/MorphoTactus/install/MorphoTactus/lib/python3.10/site-packages/MorphoTactus/preprocessing_node.py to preprocessing_node.cpython-310.pyc
[1.597s] byte-compiling /home/dev/Golain_ws/src/Kikobot_platform/MorphoTactus/install/MorphoTactus/lib/python3.10/site-packages/MorphoTactus/__init__.py to __init__.cpython-310.pyc
[1.598s] byte-compiling /home/dev/Golain_ws/src/Kikobot_platform/MorphoTactus/install/MorphoTactus/lib/python3.10/site-packages/MorphoTactus/hybrid_detector_node.py to hybrid_detector_node.cpython-310.pyc
[1.601s] byte-compiling /home/dev/Golain_ws/src/Kikobot_platform/MorphoTactus/install/MorphoTactus/lib/python3.10/site-packages/MorphoTactus/utils/sift_analyzer.py to sift_analyzer.cpython-310.pyc
[1.602s] byte-compiling /home/dev/Golain_ws/src/Kikobot_platform/MorphoTactus/install/MorphoTactus/lib/python3.10/site-packages/MorphoTactus/utils/contour_analyzer.py to contour_analyzer.cpython-310.pyc
[1.604s] byte-compiling /home/dev/Golain_ws/src/Kikobot_platform/MorphoTactus/install/MorphoTactus/lib/python3.10/site-packages/MorphoTactus/utils/__init__.py to __init__.cpython-310.pyc
[1.605s] byte-compiling /home/dev/Golain_ws/src/Kikobot_platform/MorphoTactus/install/MorphoTactus/lib/python3.10/site-packages/MorphoTactus/utils/fusion_engine.py to fusion_engine.cpython-310.pyc
[1.606s] byte-compiling /home/dev/Golain_ws/src/Kikobot_platform/MorphoTactus/install/MorphoTactus/lib/python3.10/site-packages/MorphoTactus/image_source_node.py to image_source_node.cpython-310.pyc
[1.608s] running install_data
[1.608s] creating /home/dev/Golain_ws/src/Kikobot_platform/MorphoTactus/install/MorphoTactus/share/ament_index
[1.608s] creating /home/dev/Golain_ws/src/Kikobot_platform/MorphoTactus/install/MorphoTactus/share/ament_index/resource_index
[1.609s] creating /home/dev/Golain_ws/src/Kikobot_platform/MorphoTactus/install/MorphoTactus/share/ament_index/resource_index/packages
[1.609s] copying resource/MorphoTactus -> /home/dev/Golain_ws/src/Kikobot_platform/MorphoTactus/install/MorphoTactus/share/ament_index/resource_index/packages
[1.609s] copying package.xml -> /home/dev/Golain_ws/src/Kikobot_platform/MorphoTactus/install/MorphoTactus/share/MorphoTactus
[1.609s] creating /home/dev/Golain_ws/src/Kikobot_platform/MorphoTactus/install/MorphoTactus/share/MorphoTactus/launch
[1.609s] copying launch/defect_detection_system.launch.py -> /home/dev/Golain_ws/src/Kikobot_platform/MorphoTactus/install/MorphoTactus/share/MorphoTactus/launch
[1.609s] creating /home/dev/Golain_ws/src/Kikobot_platform/MorphoTactus/install/MorphoTactus/share/MorphoTactus/config
[1.610s] copying config/detector_params.yaml -> /home/dev/Golain_ws/src/Kikobot_platform/MorphoTactus/install/MorphoTactus/share/MorphoTactus/config
[1.610s] creating /home/dev/Golain_ws/src/Kikobot_platform/MorphoTactus/install/MorphoTactus/share/MorphoTactus/msg
[1.610s] copying msg/DefectMetadata.msg -> /home/dev/Golain_ws/src/Kikobot_platform/MorphoTactus/install/MorphoTactus/share/MorphoTactus/msg
[1.610s] copying msg/DefectInfo.msg -> /home/dev/Golain_ws/src/Kikobot_platform/MorphoTactus/install/MorphoTactus/share/MorphoTactus/msg
[1.610s] running install_egg_info
[1.612s] Copying build/MorphoTactus/MorphoTactus.egg-info to /home/dev/Golain_ws/src/Kikobot_platform/MorphoTactus/install/MorphoTactus/lib/python3.10/site-packages/MorphoTactus-0.0.0-py3.10.egg-info
[1.613s] running install_scripts
[1.643s] Installing hybrid_detector_node script to /home/dev/Golain_ws/src/Kikobot_platform/MorphoTactus/install/MorphoTactus/lib/MorphoTactus
[1.644s] Installing image_source_node script to /home/dev/Golain_ws/src/Kikobot_platform/MorphoTactus/install/MorphoTactus/lib/MorphoTactus
[1.644s] Installing preprocessing_node script to /home/dev/Golain_ws/src/Kikobot_platform/MorphoTactus/install/MorphoTactus/lib/MorphoTactus
[1.644s] writing list of installed files to '/home/dev/Golain_ws/src/Kikobot_platform/MorphoTactus/build/MorphoTactus/install.log'
[1.680s] Invoked command in '/home/dev/Golain_ws/src/Kikobot_platform/MorphoTactus' returned '0': PYTHONPATH=/home/dev/Golain_ws/src/Kikobot_platform/MorphoTactus/build/MorphoTactus/prefix_override:/usr/lib/python3/dist-packages/colcon_core/task/python/colcon_distutils_commands:/home/dev/Golain_ws/src/Kikobot_platform/MorphoTactus/install/MorphoTactus/lib/python3.10/site-packages:${PYTHONPATH} /usr/bin/python3 -W ignore:setup.py install is deprecated -W ignore:easy_install command is deprecated setup.py egg_info --egg-base build/MorphoTactus build --build-base /home/dev/Golain_ws/src/Kikobot_platform/MorphoTactus/build/MorphoTactus/build install --record /home/dev/Golain_ws/src/Kikobot_platform/MorphoTactus/build/MorphoTactus/install.log --single-version-externally-managed install_data
